2025-09-06 10:28:12
User_id: 24
Error: E_WARNING
URL: https://meetgreeksingles.com/_pay/multisafepay/before.php?item=7&request_uri=aHR0cHM6Ly9tZWV0Z3JlZWtzaW5nbGVzLmNvbS91cGdyYWRlLnBocD9jbWQ9c2F2ZSZhamF4PTEmc2V0X3RlbXBsYXRlX3J1bnRpbWU9aW1wYWN0JnNpdGVfcGFydF9ydW50aW1lPW1haW4mc2l0ZV9ndWlkPTI0
File: /home/slqihj5q4r69/public_html/meetgreeksingles.com/_include/core/autoloader.php
Line: 1
Message: include_once(/home/slqihj5q4r69/public_html/meetgreeksingles.com/_include/core/../current/mypos\ipc\base.class.php): failed to open stream: No such file or directory

Call stack:

File: /home/slqihj5q4r69/public_html/meetgreeksingles.com/_include/core/autoloader.php (Line: 1)
Function: include_once

File:  (Line: )
Function: autoloader

File: /home/slqihj5q4r69/public_html/meetgreeksingles.com/_include/current/mypos/IPC/Purchase.php (Line: 9)
Function: spl_autoload_call

File: /home/slqihj5q4r69/public_html/meetgreeksingles.com/_include/current/paymultisafepay.class.php (Line: 4)
Function: require_once

File: /home/slqihj5q4r69/public_html/meetgreeksingles.com/_include/core/autoloader.php (Line: 1)
Function: include_once

File:  (Line: )
Function: autoloader

File: /home/slqihj5q4r69/public_html/meetgreeksingles.com/_pay/multisafepay/before.php (Line: 14)
Function: spl_autoload_call

---------

2025-09-06 10:31:25
User_id: 24
Error: E_WARNING
URL: https://meetgreeksingles.com/_pay/multisafepay/before.php?item=7&request_uri=aHR0cHM6Ly9tZWV0Z3JlZWtzaW5nbGVzLmNvbS91cGdyYWRlLnBocD9jbWQ9c2F2ZSZhamF4PTEmc2V0X3RlbXBsYXRlX3J1bnRpbWU9aW1wYWN0JnNpdGVfcGFydF9ydW50aW1lPW1haW4mc2l0ZV9ndWlkPTI0
File: /home/slqihj5q4r69/public_html/meetgreeksingles.com/_include/core/autoloader.php
Line: 1
Message: include_once(/home/slqihj5q4r69/public_html/meetgreeksingles.com/_include/core/../current/mypos\ipc\base.class.php): failed to open stream: No such file or directory

Call stack:

File: /home/slqihj5q4r69/public_html/meetgreeksingles.com/_include/core/autoloader.php (Line: 1)
Function: include_once

File:  (Line: )
Function: autoloader

File: /home/slqihj5q4r69/public_html/meetgreeksingles.com/_include/current/mypos/IPC/Purchase.php (Line: 9)
Function: spl_autoload_call

File: /home/slqihj5q4r69/public_html/meetgreeksingles.com/_include/current/paymultisafepay.class.php (Line: 4)
Function: require_once

File: /home/slqihj5q4r69/public_html/meetgreeksingles.com/_include/core/autoloader.php (Line: 1)
Function: include_once

File:  (Line: )
Function: autoloader

File: /home/slqihj5q4r69/public_html/meetgreeksingles.com/_pay/multisafepay/before.php (Line: 14)
Function: spl_autoload_call

---------

2025-09-06 10:38:38
User_id: 24
Error: E_ERROR
URL: https://meetgreeksingles.com/_pay/multisafepay/before.php?item=7&request_uri=aHR0cHM6Ly9tZWV0Z3JlZWtzaW5nbGVzLmNvbS91cGdyYWRlLnBocD9jbWQ9c2F2ZSZhamF4PTEmc2V0X3RlbXBsYXRlX3J1bnRpbWU9aW1wYWN0JnNpdGVfcGFydF9ydW50aW1lPW1haW4mc2l0ZV9ndWlkPTI0
File: /home/slqihj5q4r69/public_html/meetgreeksingles.com/_include/current/paymultisafepay.class.php
Line: 124
Message: Uncaught Error: Call to undefined method Config::setIpcURL() in /home/slqihj5q4r69/public_html/meetgreeksingles.com/_include/current/paymultisafepay.class.php:124
Stack trace:
#0 /home/slqihj5q4r69/public_html/meetgreeksingles.com/_include/current/paymultisafepay.class.php(17): PayMultisafepay::initPaymentSystem()
#1 /home/slqihj5q4r69/public_html/meetgreeksingles.com/_pay/multisafepay/before.php(14): PayMultisafepay::before()
#2 {main}
  thrown

Call stack:

File:  (Line: )
Function: fatalScriptError

---------

2025-09-06 10:39:30
User_id: 24
Error: E_WARNING
URL: https://meetgreeksingles.com/_pay/multisafepay/before.php?item=7&request_uri=aHR0cHM6Ly9tZWV0Z3JlZWtzaW5nbGVzLmNvbS91cGdyYWRlLnBocD9jbWQ9c2F2ZSZhamF4PTEmc2V0X3RlbXBsYXRlX3J1bnRpbWU9aW1wYWN0JnNpdGVfcGFydF9ydW50aW1lPW1haW4mc2l0ZV9ndWlkPTI0
File: /home/slqihj5q4r69/public_html/meetgreeksingles.com/_include/core/autoloader.php
Line: 1
Message: include_once(/home/slqihj5q4r69/public_html/meetgreeksingles.com/_include/core/../current/stripe\stripe.class.php): failed to open stream: No such file or directory

Call stack:

File: /home/slqihj5q4r69/public_html/meetgreeksingles.com/_include/core/autoloader.php (Line: 1)
Function: include_once

File:  (Line: )
Function: autoloader

File: /home/slqihj5q4r69/public_html/meetgreeksingles.com/_include/current/paymultisafepay.class.php (Line: 119)
Function: spl_autoload_call

File: /home/slqihj5q4r69/public_html/meetgreeksingles.com/_include/current/paymultisafepay.class.php (Line: 17)
Class: PayMultisafepay
Function: initPaymentSystem

File: /home/slqihj5q4r69/public_html/meetgreeksingles.com/_pay/multisafepay/before.php (Line: 14)
Class: PayMultisafepay
Function: before

---------

2025-09-06 10:41:12
User_id: 24
Error: E_WARNING
URL: https://meetgreeksingles.com/_pay/multisafepay/before.php?item=7&request_uri=aHR0cHM6Ly9tZWV0Z3JlZWtzaW5nbGVzLmNvbS91cGdyYWRlLnBocD9jbWQ9c2F2ZSZhamF4PTEmc2V0X3RlbXBsYXRlX3J1bnRpbWU9aW1wYWN0JnNpdGVfcGFydF9ydW50aW1lPW1haW4mc2l0ZV9ndWlkPTI0
File: /home/slqihj5q4r69/public_html/meetgreeksingles.com/_include/current/paymultisafepay.class.php
Line: 19
Message: Creating default object from empty value

Call stack:

File: /home/slqihj5q4r69/public_html/meetgreeksingles.com/_pay/multisafepay/before.php (Line: 14)
Class: PayMultisafepay
Function: before

---------

2025-09-06 10:43:17
User_id: 24
Error: E_WARNING
URL: https://meetgreeksingles.com/_pay/multisafepay/after.php?transactionid=76&return_success=1&session_id=cs_test_a1ZcqbGhZR0Mj14H20doNImsA0yyjh5XzjuJ22LBNBkvJbYsPOOLxzO6tD
File: /home/slqihj5q4r69/public_html/meetgreeksingles.com/_include/current/paymultisafepay.class.php
Line: 75
Message: Creating default object from empty value

Call stack:

File: /home/slqihj5q4r69/public_html/meetgreeksingles.com/_pay/multisafepay/after.php (Line: 13)
Class: PayMultisafepay
Function: after

---------

2025-09-06 11:01:02
User_id: 24
Error: E_PARSE
URL: https://meetgreeksingles.com/_pay/stripe/before.php?item=9&request_uri=aHR0cHM6Ly9tZWV0Z3JlZWtzaW5nbGVzLmNvbS91cGdyYWRlLnBocD9jbWQ9c2F2ZSZhamF4PTEmc2V0X3RlbXBsYXRlX3J1bnRpbWU9aW1wYWN0JnNpdGVfcGFydF9ydW50aW1lPW1haW4mc2l0ZV9ndWlkPTI0
File: /home/slqihj5q4r69/public_html/meetgreeksingles.com/_include/current/paystripe.class.php
Line: 1
Message: syntax error, unexpected 'else' (T_ELSE), expecting function (T_FUNCTION) or const (T_CONST)

Call stack:

File:  (Line: )
Function: fatalScriptError

---------

