2021-07-10 03:48:57
User_id: 0
Error: E_WARNING
URL: https://meetgreeksingles.com/grays-harbor-f9ioo/my-pet-essay-in-german-language.html
File: D:\meetgreeksingles_com\_include\lib\db_mysqli.php
Line: 21
Message: mysqli_connect(): (HY000/2002): No connection could be made because the target machine actively refused it.


Call stack:

File: D:\meetgreeksingles_com\_include\lib\db_mysqli.php (Line: 21)
Function: mysqli_connect

File: D:\meetgreeksingles_com\_include\lib\db_common.php (Line: 69)
Class: DB
Function: driver_connect

File: D:\meetgreeksingles_com\_include\core\start.php (Line: 366)
Class: DB_Common
Function: connect

File: D:\meetgreeksingles_com\_include\core\main_start.php (Line: 11)
Function: include_once

File: D:\meetgreeksingles_com\router.php (Line: 9)
Function: include

---------

2021-07-10 03:54:04
User_id: 0
Error: E_WARNING
URL: https://meetgreeksingles.com/grays-harbor-f9ioo/aws-ecs-kafka.html
File: D:\meetgreeksingles_com\_include\lib\db_mysqli.php
Line: 21
Message: mysqli_connect(): (HY000/2002): No connection could be made because the target machine actively refused it.


Call stack:

File: D:\meetgreeksingles_com\_include\lib\db_mysqli.php (Line: 21)
Function: mysqli_connect

File: D:\meetgreeksingles_com\_include\lib\db_common.php (Line: 69)
Class: DB
Function: driver_connect

File: D:\meetgreeksingles_com\_include\core\start.php (Line: 366)
Class: DB_Common
Function: connect

File: D:\meetgreeksingles_com\_include\core\main_start.php (Line: 11)
Function: include_once

File: D:\meetgreeksingles_com\router.php (Line: 9)
Function: include

---------

2021-07-10 03:54:18
User_id: 0
Error: E_WARNING
URL: https://meetgreeksingles.com/_cron/cron.php
File: D:\meetgreeksingles_com\_include\lib\db_mysqli.php
Line: 21
Message: mysqli_connect(): (HY000/2002): No connection could be made because the target machine actively refused it.


Call stack:

File: D:\meetgreeksingles_com\_include\lib\db_mysqli.php (Line: 21)
Function: mysqli_connect

File: D:\meetgreeksingles_com\_include\lib\db_common.php (Line: 69)
Class: DB
Function: driver_connect

File: D:\meetgreeksingles_com\_include\core\start.php (Line: 366)
Class: DB_Common
Function: connect

File: D:\meetgreeksingles_com\_include\core\main_start.php (Line: 11)
Function: include_once

File: D:\meetgreeksingles_com\_cron\cron.php (Line: 11)
Function: include

---------

