2024-10-22 00:00:04
User_id: 0
Error: E_ERROR
URL: http://meetgreeksingles.com/_cron/cron.php
File: /home/slqihj5q4r69/public_html/meetgreeksingles.com/_include/core/main_auth.php
Line: 273
Message: Uncaught Error: Class 'City' not found in /home/slqihj5q4r69/public_html/meetgreeksingles.com/_include/core/main_auth.php:273
Stack trace:
#0 /home/slqihj5q4r69/public_html/meetgreeksingles.com/_include/core/main_start.php(17): include()
#1 /home/slqihj5q4r69/public_html/meetgreeksingles.com/_cron/cron.php(11): include('/home/slqihj5q4...')
#2 {main}
  thrown

Call stack:

File:  (Line: )
Function: fatalScriptError

---------

2024-10-22 00:05:03
User_id: 0
Error: E_ERROR
URL: http://meetgreeksingles.com/_cron/cron.php
File: /home/slqihj5q4r69/public_html/meetgreeksingles.com/_include/core/main_auth.php
Line: 273
Message: Uncaught Error: Class 'City' not found in /home/slqihj5q4r69/public_html/meetgreeksingles.com/_include/core/main_auth.php:273
Stack trace:
#0 /home/slqihj5q4r69/public_html/meetgreeksingles.com/_include/core/main_start.php(17): include()
#1 /home/slqihj5q4r69/public_html/meetgreeksingles.com/_cron/cron.php(11): include('/home/slqihj5q4...')
#2 {main}
  thrown

Call stack:

File:  (Line: )
Function: fatalScriptError

---------

2024-10-22 00:10:02
User_id: 0
Error: E_ERROR
URL: http://meetgreeksingles.com/_cron/cron.php
File: /home/slqihj5q4r69/public_html/meetgreeksingles.com/_include/core/main_auth.php
Line: 273
Message: Uncaught Error: Class 'City' not found in /home/slqihj5q4r69/public_html/meetgreeksingles.com/_include/core/main_auth.php:273
Stack trace:
#0 /home/slqihj5q4r69/public_html/meetgreeksingles.com/_include/core/main_start.php(17): include()
#1 /home/slqihj5q4r69/public_html/meetgreeksingles.com/_cron/cron.php(11): include('/home/slqihj5q4...')
#2 {main}
  thrown

Call stack:

File:  (Line: )
Function: fatalScriptError

---------

2024-10-22 00:15:03
User_id: 0
Error: E_ERROR
URL: http://meetgreeksingles.com/_cron/cron.php
File: /home/slqihj5q4r69/public_html/meetgreeksingles.com/_include/core/main_auth.php
Line: 273
Message: Uncaught Error: Class 'City' not found in /home/slqihj5q4r69/public_html/meetgreeksingles.com/_include/core/main_auth.php:273
Stack trace:
#0 /home/slqihj5q4r69/public_html/meetgreeksingles.com/_include/core/main_start.php(17): include()
#1 /home/slqihj5q4r69/public_html/meetgreeksingles.com/_cron/cron.php(11): include('/home/slqihj5q4...')
#2 {main}
  thrown

Call stack:

File:  (Line: )
Function: fatalScriptError

---------

2024-10-22 00:20:02
User_id: 0
Error: E_ERROR
URL: http://meetgreeksingles.com/_cron/cron.php
File: /home/slqihj5q4r69/public_html/meetgreeksingles.com/_include/core/main_auth.php
Line: 273
Message: Uncaught Error: Class 'City' not found in /home/slqihj5q4r69/public_html/meetgreeksingles.com/_include/core/main_auth.php:273
Stack trace:
#0 /home/slqihj5q4r69/public_html/meetgreeksingles.com/_include/core/main_start.php(17): include()
#1 /home/slqihj5q4r69/public_html/meetgreeksingles.com/_cron/cron.php(11): include('/home/slqihj5q4...')
#2 {main}
  thrown

Call stack:

File:  (Line: )
Function: fatalScriptError

---------

2024-10-22 00:25:03
User_id: 0
Error: E_ERROR
URL: http://meetgreeksingles.com/_cron/cron.php
File: /home/slqihj5q4r69/public_html/meetgreeksingles.com/_include/core/main_auth.php
Line: 273
Message: Uncaught Error: Class 'City' not found in /home/slqihj5q4r69/public_html/meetgreeksingles.com/_include/core/main_auth.php:273
Stack trace:
#0 /home/slqihj5q4r69/public_html/meetgreeksingles.com/_include/core/main_start.php(17): include()
#1 /home/slqihj5q4r69/public_html/meetgreeksingles.com/_cron/cron.php(11): include('/home/slqihj5q4...')
#2 {main}
  thrown

Call stack:

File:  (Line: )
Function: fatalScriptError

---------

2024-10-22 00:30:03
User_id: 0
Error: E_ERROR
URL: http://meetgreeksingles.com/_cron/cron.php
File: /home/slqihj5q4r69/public_html/meetgreeksingles.com/_include/core/main_auth.php
Line: 273
Message: Uncaught Error: Class 'City' not found in /home/slqihj5q4r69/public_html/meetgreeksingles.com/_include/core/main_auth.php:273
Stack trace:
#0 /home/slqihj5q4r69/public_html/meetgreeksingles.com/_include/core/main_start.php(17): include()
#1 /home/slqihj5q4r69/public_html/meetgreeksingles.com/_cron/cron.php(11): include('/home/slqihj5q4...')
#2 {main}
  thrown

Call stack:

File:  (Line: )
Function: fatalScriptError

---------

2024-10-22 00:35:03
User_id: 0
Error: E_ERROR
URL: http://meetgreeksingles.com/_cron/cron.php
File: /home/slqihj5q4r69/public_html/meetgreeksingles.com/_include/core/main_auth.php
Line: 273
Message: Uncaught Error: Class 'City' not found in /home/slqihj5q4r69/public_html/meetgreeksingles.com/_include/core/main_auth.php:273
Stack trace:
#0 /home/slqihj5q4r69/public_html/meetgreeksingles.com/_include/core/main_start.php(17): include()
#1 /home/slqihj5q4r69/public_html/meetgreeksingles.com/_cron/cron.php(11): include('/home/slqihj5q4...')
#2 {main}
  thrown

Call stack:

File:  (Line: )
Function: fatalScriptError

---------

2024-10-22 00:40:03
User_id: 0
Error: E_ERROR
URL: http://meetgreeksingles.com/_cron/cron.php
File: /home/slqihj5q4r69/public_html/meetgreeksingles.com/_include/core/main_auth.php
Line: 273
Message: Uncaught Error: Class 'City' not found in /home/slqihj5q4r69/public_html/meetgreeksingles.com/_include/core/main_auth.php:273
Stack trace:
#0 /home/slqihj5q4r69/public_html/meetgreeksingles.com/_include/core/main_start.php(17): include()
#1 /home/slqihj5q4r69/public_html/meetgreeksingles.com/_cron/cron.php(11): include('/home/slqihj5q4...')
#2 {main}
  thrown

Call stack:

File:  (Line: )
Function: fatalScriptError

---------

2024-10-22 00:45:03
User_id: 0
Error: E_ERROR
URL: http://meetgreeksingles.com/_cron/cron.php
File: /home/slqihj5q4r69/public_html/meetgreeksingles.com/_include/core/main_auth.php
Line: 273
Message: Uncaught Error: Class 'City' not found in /home/slqihj5q4r69/public_html/meetgreeksingles.com/_include/core/main_auth.php:273
Stack trace:
#0 /home/slqihj5q4r69/public_html/meetgreeksingles.com/_include/core/main_start.php(17): include()
#1 /home/slqihj5q4r69/public_html/meetgreeksingles.com/_cron/cron.php(11): include('/home/slqihj5q4...')
#2 {main}
  thrown

Call stack:

File:  (Line: )
Function: fatalScriptError

---------

2024-10-22 00:50:03
User_id: 0
Error: E_ERROR
URL: http://meetgreeksingles.com/_cron/cron.php
File: /home/slqihj5q4r69/public_html/meetgreeksingles.com/_include/core/main_auth.php
Line: 273
Message: Uncaught Error: Class 'City' not found in /home/slqihj5q4r69/public_html/meetgreeksingles.com/_include/core/main_auth.php:273
Stack trace:
#0 /home/slqihj5q4r69/public_html/meetgreeksingles.com/_include/core/main_start.php(17): include()
#1 /home/slqihj5q4r69/public_html/meetgreeksingles.com/_cron/cron.php(11): include('/home/slqihj5q4...')
#2 {main}
  thrown

Call stack:

File:  (Line: )
Function: fatalScriptError

---------

2024-10-22 00:55:03
User_id: 0
Error: E_ERROR
URL: http://meetgreeksingles.com/_cron/cron.php
File: /home/slqihj5q4r69/public_html/meetgreeksingles.com/_include/core/main_auth.php
Line: 273
Message: Uncaught Error: Class 'City' not found in /home/slqihj5q4r69/public_html/meetgreeksingles.com/_include/core/main_auth.php:273
Stack trace:
#0 /home/slqihj5q4r69/public_html/meetgreeksingles.com/_include/core/main_start.php(17): include()
#1 /home/slqihj5q4r69/public_html/meetgreeksingles.com/_cron/cron.php(11): include('/home/slqihj5q4...')
#2 {main}
  thrown

Call stack:

File:  (Line: )
Function: fatalScriptError

---------

2024-10-22 01:00:04
User_id: 0
Error: E_ERROR
URL: http://meetgreeksingles.com/_cron/cron.php
File: /home/slqihj5q4r69/public_html/meetgreeksingles.com/_include/core/main_auth.php
Line: 273
Message: Uncaught Error: Class 'City' not found in /home/slqihj5q4r69/public_html/meetgreeksingles.com/_include/core/main_auth.php:273
Stack trace:
#0 /home/slqihj5q4r69/public_html/meetgreeksingles.com/_include/core/main_start.php(17): include()
#1 /home/slqihj5q4r69/public_html/meetgreeksingles.com/_cron/cron.php(11): include('/home/slqihj5q4...')
#2 {main}
  thrown

Call stack:

File:  (Line: )
Function: fatalScriptError

---------

2024-10-22 01:05:03
User_id: 0
Error: E_ERROR
URL: http://meetgreeksingles.com/_cron/cron.php
File: /home/slqihj5q4r69/public_html/meetgreeksingles.com/_include/core/main_auth.php
Line: 273
Message: Uncaught Error: Class 'City' not found in /home/slqihj5q4r69/public_html/meetgreeksingles.com/_include/core/main_auth.php:273
Stack trace:
#0 /home/slqihj5q4r69/public_html/meetgreeksingles.com/_include/core/main_start.php(17): include()
#1 /home/slqihj5q4r69/public_html/meetgreeksingles.com/_cron/cron.php(11): include('/home/slqihj5q4...')
#2 {main}
  thrown

Call stack:

File:  (Line: )
Function: fatalScriptError

---------

2024-10-22 01:10:03
User_id: 0
Error: E_ERROR
URL: http://meetgreeksingles.com/_cron/cron.php
File: /home/slqihj5q4r69/public_html/meetgreeksingles.com/_include/core/main_auth.php
Line: 273
Message: Uncaught Error: Class 'City' not found in /home/slqihj5q4r69/public_html/meetgreeksingles.com/_include/core/main_auth.php:273
Stack trace:
#0 /home/slqihj5q4r69/public_html/meetgreeksingles.com/_include/core/main_start.php(17): include()
#1 /home/slqihj5q4r69/public_html/meetgreeksingles.com/_cron/cron.php(11): include('/home/slqihj5q4...')
#2 {main}
  thrown

Call stack:

File:  (Line: )
Function: fatalScriptError

---------

2024-10-22 01:15:02
User_id: 0
Error: E_ERROR
URL: http://meetgreeksingles.com/_cron/cron.php
File: /home/slqihj5q4r69/public_html/meetgreeksingles.com/_include/core/main_auth.php
Line: 273
Message: Uncaught Error: Class 'City' not found in /home/slqihj5q4r69/public_html/meetgreeksingles.com/_include/core/main_auth.php:273
Stack trace:
#0 /home/slqihj5q4r69/public_html/meetgreeksingles.com/_include/core/main_start.php(17): include()
#1 /home/slqihj5q4r69/public_html/meetgreeksingles.com/_cron/cron.php(11): include('/home/slqihj5q4...')
#2 {main}
  thrown

Call stack:

File:  (Line: )
Function: fatalScriptError

---------

2024-10-22 01:20:02
User_id: 0
Error: E_ERROR
URL: http://meetgreeksingles.com/_cron/cron.php
File: /home/slqihj5q4r69/public_html/meetgreeksingles.com/_include/core/main_auth.php
Line: 273
Message: Uncaught Error: Class 'City' not found in /home/slqihj5q4r69/public_html/meetgreeksingles.com/_include/core/main_auth.php:273
Stack trace:
#0 /home/slqihj5q4r69/public_html/meetgreeksingles.com/_include/core/main_start.php(17): include()
#1 /home/slqihj5q4r69/public_html/meetgreeksingles.com/_cron/cron.php(11): include('/home/slqihj5q4...')
#2 {main}
  thrown

Call stack:

File:  (Line: )
Function: fatalScriptError

---------

2024-10-22 01:25:03
User_id: 0
Error: E_ERROR
URL: http://meetgreeksingles.com/_cron/cron.php
File: /home/slqihj5q4r69/public_html/meetgreeksingles.com/_include/core/main_auth.php
Line: 273
Message: Uncaught Error: Class 'City' not found in /home/slqihj5q4r69/public_html/meetgreeksingles.com/_include/core/main_auth.php:273
Stack trace:
#0 /home/slqihj5q4r69/public_html/meetgreeksingles.com/_include/core/main_start.php(17): include()
#1 /home/slqihj5q4r69/public_html/meetgreeksingles.com/_cron/cron.php(11): include('/home/slqihj5q4...')
#2 {main}
  thrown

Call stack:

File:  (Line: )
Function: fatalScriptError

---------

2024-10-22 01:30:03
User_id: 0
Error: E_ERROR
URL: http://meetgreeksingles.com/_cron/cron.php
File: /home/slqihj5q4r69/public_html/meetgreeksingles.com/_include/core/main_auth.php
Line: 273
Message: Uncaught Error: Class 'City' not found in /home/slqihj5q4r69/public_html/meetgreeksingles.com/_include/core/main_auth.php:273
Stack trace:
#0 /home/slqihj5q4r69/public_html/meetgreeksingles.com/_include/core/main_start.php(17): include()
#1 /home/slqihj5q4r69/public_html/meetgreeksingles.com/_cron/cron.php(11): include('/home/slqihj5q4...')
#2 {main}
  thrown

Call stack:

File:  (Line: )
Function: fatalScriptError

---------

2024-10-22 01:35:03
User_id: 0
Error: E_ERROR
URL: http://meetgreeksingles.com/_cron/cron.php
File: /home/slqihj5q4r69/public_html/meetgreeksingles.com/_include/core/main_auth.php
Line: 273
Message: Uncaught Error: Class 'City' not found in /home/slqihj5q4r69/public_html/meetgreeksingles.com/_include/core/main_auth.php:273
Stack trace:
#0 /home/slqihj5q4r69/public_html/meetgreeksingles.com/_include/core/main_start.php(17): include()
#1 /home/slqihj5q4r69/public_html/meetgreeksingles.com/_cron/cron.php(11): include('/home/slqihj5q4...')
#2 {main}
  thrown

Call stack:

File:  (Line: )
Function: fatalScriptError

---------

2024-10-22 01:36:23
User_id: 0
Error: E_ERROR
URL: https://www.meetgreeksingles.com/index
File: /home/slqihj5q4r69/public_html/meetgreeksingles.com/_include/core/main_auth.php
Line: 273
Message: Uncaught Error: Class 'City' not found in /home/slqihj5q4r69/public_html/meetgreeksingles.com/_include/core/main_auth.php:273
Stack trace:
#0 /home/slqihj5q4r69/public_html/meetgreeksingles.com/_include/core/main_start.php(17): include()
#1 /home/slqihj5q4r69/public_html/meetgreeksingles.com/index.php(16): include('/home/slqihj5q4...')
#2 /home/slqihj5q4r69/public_html/meetgreeksingles.com/router.php(16): include('/home/slqihj5q4...')
#3 {main}
  thrown

Call stack:

File:  (Line: )
Function: fatalScriptError

---------

2024-10-22 01:40:03
User_id: 0
Error: E_ERROR
URL: http://meetgreeksingles.com/_cron/cron.php
File: /home/slqihj5q4r69/public_html/meetgreeksingles.com/_include/core/main_auth.php
Line: 273
Message: Uncaught Error: Class 'City' not found in /home/slqihj5q4r69/public_html/meetgreeksingles.com/_include/core/main_auth.php:273
Stack trace:
#0 /home/slqihj5q4r69/public_html/meetgreeksingles.com/_include/core/main_start.php(17): include()
#1 /home/slqihj5q4r69/public_html/meetgreeksingles.com/_cron/cron.php(11): include('/home/slqihj5q4...')
#2 {main}
  thrown

Call stack:

File:  (Line: )
Function: fatalScriptError

---------

2024-10-22 01:45:03
User_id: 0
Error: E_ERROR
URL: http://meetgreeksingles.com/_cron/cron.php
File: /home/slqihj5q4r69/public_html/meetgreeksingles.com/_include/core/main_auth.php
Line: 273
Message: Uncaught Error: Class 'City' not found in /home/slqihj5q4r69/public_html/meetgreeksingles.com/_include/core/main_auth.php:273
Stack trace:
#0 /home/slqihj5q4r69/public_html/meetgreeksingles.com/_include/core/main_start.php(17): include()
#1 /home/slqihj5q4r69/public_html/meetgreeksingles.com/_cron/cron.php(11): include('/home/slqihj5q4...')
#2 {main}
  thrown

Call stack:

File:  (Line: )
Function: fatalScriptError

---------

2024-10-22 01:50:03
User_id: 0
Error: E_ERROR
URL: http://meetgreeksingles.com/_cron/cron.php
File: /home/slqihj5q4r69/public_html/meetgreeksingles.com/_include/core/main_auth.php
Line: 273
Message: Uncaught Error: Class 'City' not found in /home/slqihj5q4r69/public_html/meetgreeksingles.com/_include/core/main_auth.php:273
Stack trace:
#0 /home/slqihj5q4r69/public_html/meetgreeksingles.com/_include/core/main_start.php(17): include()
#1 /home/slqihj5q4r69/public_html/meetgreeksingles.com/_cron/cron.php(11): include('/home/slqihj5q4...')
#2 {main}
  thrown

Call stack:

File:  (Line: )
Function: fatalScriptError

---------

2024-10-22 01:55:00
User_id: 0
Error: E_ERROR
URL: https://meetgreeksingles.com/login/_files/_files/_files/_files/_files/_files/_files/_files/_files/_files/_files/_files/_files/_files/_files/_files/favicon.ico?v=1611569462
File: /home/slqihj5q4r69/public_html/meetgreeksingles.com/_include/core/main_auth.php
Line: 273
Message: Uncaught Error: Class 'City' not found in /home/slqihj5q4r69/public_html/meetgreeksingles.com/_include/core/main_auth.php:273
Stack trace:
#0 /home/slqihj5q4r69/public_html/meetgreeksingles.com/_include/core/main_start.php(17): include()
#1 /home/slqihj5q4r69/public_html/meetgreeksingles.com/join.php(12): include('/home/slqihj5q4...')
#2 /home/slqihj5q4r69/public_html/meetgreeksingles.com/router.php(16): include('/home/slqihj5q4...')
#3 {main}
  thrown

Call stack:

File:  (Line: )
Function: fatalScriptError

---------

2024-10-22 01:55:02
User_id: 0
Error: E_ERROR
URL: http://meetgreeksingles.com/_cron/cron.php
File: /home/slqihj5q4r69/public_html/meetgreeksingles.com/_include/core/main_auth.php
Line: 273
Message: Uncaught Error: Class 'City' not found in /home/slqihj5q4r69/public_html/meetgreeksingles.com/_include/core/main_auth.php:273
Stack trace:
#0 /home/slqihj5q4r69/public_html/meetgreeksingles.com/_include/core/main_start.php(17): include()
#1 /home/slqihj5q4r69/public_html/meetgreeksingles.com/_cron/cron.php(11): include('/home/slqihj5q4...')
#2 {main}
  thrown

Call stack:

File:  (Line: )
Function: fatalScriptError

---------

2024-10-22 02:00:03
User_id: 0
Error: E_ERROR
URL: http://meetgreeksingles.com/_cron/cron.php
File: /home/slqihj5q4r69/public_html/meetgreeksingles.com/_include/core/main_auth.php
Line: 273
Message: Uncaught Error: Class 'City' not found in /home/slqihj5q4r69/public_html/meetgreeksingles.com/_include/core/main_auth.php:273
Stack trace:
#0 /home/slqihj5q4r69/public_html/meetgreeksingles.com/_include/core/main_start.php(17): include()
#1 /home/slqihj5q4r69/public_html/meetgreeksingles.com/_cron/cron.php(11): include('/home/slqihj5q4...')
#2 {main}
  thrown

Call stack:

File:  (Line: )
Function: fatalScriptError

---------

2024-10-22 02:05:03
User_id: 0
Error: E_ERROR
URL: http://meetgreeksingles.com/_cron/cron.php
File: /home/slqihj5q4r69/public_html/meetgreeksingles.com/_include/core/main_auth.php
Line: 273
Message: Uncaught Error: Class 'City' not found in /home/slqihj5q4r69/public_html/meetgreeksingles.com/_include/core/main_auth.php:273
Stack trace:
#0 /home/slqihj5q4r69/public_html/meetgreeksingles.com/_include/core/main_start.php(17): include()
#1 /home/slqihj5q4r69/public_html/meetgreeksingles.com/_cron/cron.php(11): include('/home/slqihj5q4...')
#2 {main}
  thrown

Call stack:

File:  (Line: )
Function: fatalScriptError

---------

2024-10-22 02:10:03
User_id: 0
Error: E_ERROR
URL: http://meetgreeksingles.com/_cron/cron.php
File: /home/slqihj5q4r69/public_html/meetgreeksingles.com/_include/core/main_auth.php
Line: 273
Message: Uncaught Error: Class 'City' not found in /home/slqihj5q4r69/public_html/meetgreeksingles.com/_include/core/main_auth.php:273
Stack trace:
#0 /home/slqihj5q4r69/public_html/meetgreeksingles.com/_include/core/main_start.php(17): include()
#1 /home/slqihj5q4r69/public_html/meetgreeksingles.com/_cron/cron.php(11): include('/home/slqihj5q4...')
#2 {main}
  thrown

Call stack:

File:  (Line: )
Function: fatalScriptError

---------

2024-10-22 02:15:03
User_id: 0
Error: E_ERROR
URL: http://meetgreeksingles.com/_cron/cron.php
File: /home/slqihj5q4r69/public_html/meetgreeksingles.com/_include/core/main_auth.php
Line: 273
Message: Uncaught Error: Class 'City' not found in /home/slqihj5q4r69/public_html/meetgreeksingles.com/_include/core/main_auth.php:273
Stack trace:
#0 /home/slqihj5q4r69/public_html/meetgreeksingles.com/_include/core/main_start.php(17): include()
#1 /home/slqihj5q4r69/public_html/meetgreeksingles.com/_cron/cron.php(11): include('/home/slqihj5q4...')
#2 {main}
  thrown

Call stack:

File:  (Line: )
Function: fatalScriptError

---------

2024-10-22 02:15:31
User_id: 0
Error: E_ERROR
URL: https://meetgreeksingles.com/contact/_files/logo/_files/_files/_files/_files/_files/_files/_files/_files/favicon.ico?v=1611569462
File: /home/slqihj5q4r69/public_html/meetgreeksingles.com/_include/core/main_auth.php
Line: 273
Message: Uncaught Error: Class 'City' not found in /home/slqihj5q4r69/public_html/meetgreeksingles.com/_include/core/main_auth.php:273
Stack trace:
#0 /home/slqihj5q4r69/public_html/meetgreeksingles.com/_include/core/main_start.php(17): include()
#1 /home/slqihj5q4r69/public_html/meetgreeksingles.com/contact.php(15): include('/home/slqihj5q4...')
#2 /home/slqihj5q4r69/public_html/meetgreeksingles.com/router.php(16): include('/home/slqihj5q4...')
#3 {main}
  thrown

Call stack:

File:  (Line: )
Function: fatalScriptError

---------

2024-10-22 02:20:03
User_id: 0
Error: E_ERROR
URL: http://meetgreeksingles.com/_cron/cron.php
File: /home/slqihj5q4r69/public_html/meetgreeksingles.com/_include/core/main_auth.php
Line: 273
Message: Uncaught Error: Class 'City' not found in /home/slqihj5q4r69/public_html/meetgreeksingles.com/_include/core/main_auth.php:273
Stack trace:
#0 /home/slqihj5q4r69/public_html/meetgreeksingles.com/_include/core/main_start.php(17): include()
#1 /home/slqihj5q4r69/public_html/meetgreeksingles.com/_cron/cron.php(11): include('/home/slqihj5q4...')
#2 {main}
  thrown

Call stack:

File:  (Line: )
Function: fatalScriptError

---------

2024-10-22 02:25:03
User_id: 0
Error: E_ERROR
URL: http://meetgreeksingles.com/_cron/cron.php
File: /home/slqihj5q4r69/public_html/meetgreeksingles.com/_include/core/main_auth.php
Line: 273
Message: Uncaught Error: Class 'City' not found in /home/slqihj5q4r69/public_html/meetgreeksingles.com/_include/core/main_auth.php:273
Stack trace:
#0 /home/slqihj5q4r69/public_html/meetgreeksingles.com/_include/core/main_start.php(17): include()
#1 /home/slqihj5q4r69/public_html/meetgreeksingles.com/_cron/cron.php(11): include('/home/slqihj5q4...')
#2 {main}
  thrown

Call stack:

File:  (Line: )
Function: fatalScriptError

---------

2024-10-22 02:30:03
User_id: 0
Error: E_ERROR
URL: http://meetgreeksingles.com/_cron/cron.php
File: /home/slqihj5q4r69/public_html/meetgreeksingles.com/_include/core/main_auth.php
Line: 273
Message: Uncaught Error: Class 'City' not found in /home/slqihj5q4r69/public_html/meetgreeksingles.com/_include/core/main_auth.php:273
Stack trace:
#0 /home/slqihj5q4r69/public_html/meetgreeksingles.com/_include/core/main_start.php(17): include()
#1 /home/slqihj5q4r69/public_html/meetgreeksingles.com/_cron/cron.php(11): include('/home/slqihj5q4...')
#2 {main}
  thrown

Call stack:

File:  (Line: )
Function: fatalScriptError

---------

2024-10-22 02:35:03
User_id: 0
Error: E_ERROR
URL: http://meetgreeksingles.com/_cron/cron.php
File: /home/slqihj5q4r69/public_html/meetgreeksingles.com/_include/core/main_auth.php
Line: 273
Message: Uncaught Error: Class 'City' not found in /home/slqihj5q4r69/public_html/meetgreeksingles.com/_include/core/main_auth.php:273
Stack trace:
#0 /home/slqihj5q4r69/public_html/meetgreeksingles.com/_include/core/main_start.php(17): include()
#1 /home/slqihj5q4r69/public_html/meetgreeksingles.com/_cron/cron.php(11): include('/home/slqihj5q4...')
#2 {main}
  thrown

Call stack:

File:  (Line: )
Function: fatalScriptError

---------

2024-10-22 02:40:03
User_id: 0
Error: E_ERROR
URL: http://meetgreeksingles.com/_cron/cron.php
File: /home/slqihj5q4r69/public_html/meetgreeksingles.com/_include/core/main_auth.php
Line: 273
Message: Uncaught Error: Class 'City' not found in /home/slqihj5q4r69/public_html/meetgreeksingles.com/_include/core/main_auth.php:273
Stack trace:
#0 /home/slqihj5q4r69/public_html/meetgreeksingles.com/_include/core/main_start.php(17): include()
#1 /home/slqihj5q4r69/public_html/meetgreeksingles.com/_cron/cron.php(11): include('/home/slqihj5q4...')
#2 {main}
  thrown

Call stack:

File:  (Line: )
Function: fatalScriptError

---------

2024-10-22 02:45:03
User_id: 0
Error: E_ERROR
URL: http://meetgreeksingles.com/_cron/cron.php
File: /home/slqihj5q4r69/public_html/meetgreeksingles.com/_include/core/main_auth.php
Line: 273
Message: Uncaught Error: Class 'City' not found in /home/slqihj5q4r69/public_html/meetgreeksingles.com/_include/core/main_auth.php:273
Stack trace:
#0 /home/slqihj5q4r69/public_html/meetgreeksingles.com/_include/core/main_start.php(17): include()
#1 /home/slqihj5q4r69/public_html/meetgreeksingles.com/_cron/cron.php(11): include('/home/slqihj5q4...')
#2 {main}
  thrown

Call stack:

File:  (Line: )
Function: fatalScriptError

---------

2024-10-22 02:50:03
User_id: 0
Error: E_ERROR
URL: http://meetgreeksingles.com/_cron/cron.php
File: /home/slqihj5q4r69/public_html/meetgreeksingles.com/_include/core/main_auth.php
Line: 273
Message: Uncaught Error: Class 'City' not found in /home/slqihj5q4r69/public_html/meetgreeksingles.com/_include/core/main_auth.php:273
Stack trace:
#0 /home/slqihj5q4r69/public_html/meetgreeksingles.com/_include/core/main_start.php(17): include()
#1 /home/slqihj5q4r69/public_html/meetgreeksingles.com/_cron/cron.php(11): include('/home/slqihj5q4...')
#2 {main}
  thrown

Call stack:

File:  (Line: )
Function: fatalScriptError

---------

2024-10-22 02:55:03
User_id: 0
Error: E_ERROR
URL: http://meetgreeksingles.com/_cron/cron.php
File: /home/slqihj5q4r69/public_html/meetgreeksingles.com/_include/core/main_auth.php
Line: 273
Message: Uncaught Error: Class 'City' not found in /home/slqihj5q4r69/public_html/meetgreeksingles.com/_include/core/main_auth.php:273
Stack trace:
#0 /home/slqihj5q4r69/public_html/meetgreeksingles.com/_include/core/main_start.php(17): include()
#1 /home/slqihj5q4r69/public_html/meetgreeksingles.com/_cron/cron.php(11): include('/home/slqihj5q4...')
#2 {main}
  thrown

Call stack:

File:  (Line: )
Function: fatalScriptError

---------

2024-10-22 03:00:03
User_id: 0
Error: E_ERROR
URL: http://meetgreeksingles.com/_cron/cron.php
File: /home/slqihj5q4r69/public_html/meetgreeksingles.com/_include/core/main_auth.php
Line: 273
Message: Uncaught Error: Class 'City' not found in /home/slqihj5q4r69/public_html/meetgreeksingles.com/_include/core/main_auth.php:273
Stack trace:
#0 /home/slqihj5q4r69/public_html/meetgreeksingles.com/_include/core/main_start.php(17): include()
#1 /home/slqihj5q4r69/public_html/meetgreeksingles.com/_cron/cron.php(11): include('/home/slqihj5q4...')
#2 {main}
  thrown

Call stack:

File:  (Line: )
Function: fatalScriptError

---------

2024-10-22 03:05:02
User_id: 0
Error: E_ERROR
URL: http://meetgreeksingles.com/_cron/cron.php
File: /home/slqihj5q4r69/public_html/meetgreeksingles.com/_include/core/main_auth.php
Line: 273
Message: Uncaught Error: Class 'City' not found in /home/slqihj5q4r69/public_html/meetgreeksingles.com/_include/core/main_auth.php:273
Stack trace:
#0 /home/slqihj5q4r69/public_html/meetgreeksingles.com/_include/core/main_start.php(17): include()
#1 /home/slqihj5q4r69/public_html/meetgreeksingles.com/_cron/cron.php(11): include('/home/slqihj5q4...')
#2 {main}
  thrown

Call stack:

File:  (Line: )
Function: fatalScriptError

---------

2024-10-22 03:10:03
User_id: 0
Error: E_ERROR
URL: http://meetgreeksingles.com/_cron/cron.php
File: /home/slqihj5q4r69/public_html/meetgreeksingles.com/_include/core/main_auth.php
Line: 273
Message: Uncaught Error: Class 'City' not found in /home/slqihj5q4r69/public_html/meetgreeksingles.com/_include/core/main_auth.php:273
Stack trace:
#0 /home/slqihj5q4r69/public_html/meetgreeksingles.com/_include/core/main_start.php(17): include()
#1 /home/slqihj5q4r69/public_html/meetgreeksingles.com/_cron/cron.php(11): include('/home/slqihj5q4...')
#2 {main}
  thrown

Call stack:

File:  (Line: )
Function: fatalScriptError

---------

2024-10-22 03:15:03
User_id: 0
Error: E_ERROR
URL: http://meetgreeksingles.com/_cron/cron.php
File: /home/slqihj5q4r69/public_html/meetgreeksingles.com/_include/core/main_auth.php
Line: 273
Message: Uncaught Error: Class 'City' not found in /home/slqihj5q4r69/public_html/meetgreeksingles.com/_include/core/main_auth.php:273
Stack trace:
#0 /home/slqihj5q4r69/public_html/meetgreeksingles.com/_include/core/main_start.php(17): include()
#1 /home/slqihj5q4r69/public_html/meetgreeksingles.com/_cron/cron.php(11): include('/home/slqihj5q4...')
#2 {main}
  thrown

Call stack:

File:  (Line: )
Function: fatalScriptError

---------

2024-10-22 03:20:03
User_id: 0
Error: E_ERROR
URL: http://meetgreeksingles.com/_cron/cron.php
File: /home/slqihj5q4r69/public_html/meetgreeksingles.com/_include/core/main_auth.php
Line: 273
Message: Uncaught Error: Class 'City' not found in /home/slqihj5q4r69/public_html/meetgreeksingles.com/_include/core/main_auth.php:273
Stack trace:
#0 /home/slqihj5q4r69/public_html/meetgreeksingles.com/_include/core/main_start.php(17): include()
#1 /home/slqihj5q4r69/public_html/meetgreeksingles.com/_cron/cron.php(11): include('/home/slqihj5q4...')
#2 {main}
  thrown

Call stack:

File:  (Line: )
Function: fatalScriptError

---------

2024-10-22 03:25:03
User_id: 0
Error: E_ERROR
URL: http://meetgreeksingles.com/_cron/cron.php
File: /home/slqihj5q4r69/public_html/meetgreeksingles.com/_include/core/main_auth.php
Line: 273
Message: Uncaught Error: Class 'City' not found in /home/slqihj5q4r69/public_html/meetgreeksingles.com/_include/core/main_auth.php:273
Stack trace:
#0 /home/slqihj5q4r69/public_html/meetgreeksingles.com/_include/core/main_start.php(17): include()
#1 /home/slqihj5q4r69/public_html/meetgreeksingles.com/_cron/cron.php(11): include('/home/slqihj5q4...')
#2 {main}
  thrown

Call stack:

File:  (Line: )
Function: fatalScriptError

---------

2024-10-22 03:30:03
User_id: 0
Error: E_ERROR
URL: http://meetgreeksingles.com/_cron/cron.php
File: /home/slqihj5q4r69/public_html/meetgreeksingles.com/_include/core/main_auth.php
Line: 273
Message: Uncaught Error: Class 'City' not found in /home/slqihj5q4r69/public_html/meetgreeksingles.com/_include/core/main_auth.php:273
Stack trace:
#0 /home/slqihj5q4r69/public_html/meetgreeksingles.com/_include/core/main_start.php(17): include()
#1 /home/slqihj5q4r69/public_html/meetgreeksingles.com/_cron/cron.php(11): include('/home/slqihj5q4...')
#2 {main}
  thrown

Call stack:

File:  (Line: )
Function: fatalScriptError

---------

2024-10-22 03:31:26
User_id: 0
Error: E_ERROR
URL: https://meetgreeksingles.com/login/_files/_files/_files/_files/_files/favicon.ico?v=1695817920
File: /home/slqihj5q4r69/public_html/meetgreeksingles.com/_include/core/main_auth.php
Line: 273
Message: Uncaught Error: Class 'City' not found in /home/slqihj5q4r69/public_html/meetgreeksingles.com/_include/core/main_auth.php:273
Stack trace:
#0 /home/slqihj5q4r69/public_html/meetgreeksingles.com/_include/core/main_start.php(17): include()
#1 /home/slqihj5q4r69/public_html/meetgreeksingles.com/join.php(12): include('/home/slqihj5q4...')
#2 /home/slqihj5q4r69/public_html/meetgreeksingles.com/router.php(16): include('/home/slqihj5q4...')
#3 {main}
  thrown

Call stack:

File:  (Line: )
Function: fatalScriptError

---------

2024-10-22 03:35:03
User_id: 0
Error: E_ERROR
URL: http://meetgreeksingles.com/_cron/cron.php
File: /home/slqihj5q4r69/public_html/meetgreeksingles.com/_include/core/main_auth.php
Line: 273
Message: Uncaught Error: Class 'City' not found in /home/slqihj5q4r69/public_html/meetgreeksingles.com/_include/core/main_auth.php:273
Stack trace:
#0 /home/slqihj5q4r69/public_html/meetgreeksingles.com/_include/core/main_start.php(17): include()
#1 /home/slqihj5q4r69/public_html/meetgreeksingles.com/_cron/cron.php(11): include('/home/slqihj5q4...')
#2 {main}
  thrown

Call stack:

File:  (Line: )
Function: fatalScriptError

---------

2024-10-22 03:40:02
User_id: 0
Error: E_ERROR
URL: http://meetgreeksingles.com/_cron/cron.php
File: /home/slqihj5q4r69/public_html/meetgreeksingles.com/_include/core/main_auth.php
Line: 273
Message: Uncaught Error: Class 'City' not found in /home/slqihj5q4r69/public_html/meetgreeksingles.com/_include/core/main_auth.php:273
Stack trace:
#0 /home/slqihj5q4r69/public_html/meetgreeksingles.com/_include/core/main_start.php(17): include()
#1 /home/slqihj5q4r69/public_html/meetgreeksingles.com/_cron/cron.php(11): include('/home/slqihj5q4...')
#2 {main}
  thrown

Call stack:

File:  (Line: )
Function: fatalScriptError

---------

2024-10-22 03:45:02
User_id: 0
Error: E_ERROR
URL: http://meetgreeksingles.com/_cron/cron.php
File: /home/slqihj5q4r69/public_html/meetgreeksingles.com/_include/core/main_auth.php
Line: 273
Message: Uncaught Error: Class 'City' not found in /home/slqihj5q4r69/public_html/meetgreeksingles.com/_include/core/main_auth.php:273
Stack trace:
#0 /home/slqihj5q4r69/public_html/meetgreeksingles.com/_include/core/main_start.php(17): include()
#1 /home/slqihj5q4r69/public_html/meetgreeksingles.com/_cron/cron.php(11): include('/home/slqihj5q4...')
#2 {main}
  thrown

Call stack:

File:  (Line: )
Function: fatalScriptError

---------

2024-10-22 03:50:03
User_id: 0
Error: E_ERROR
URL: http://meetgreeksingles.com/_cron/cron.php
File: /home/slqihj5q4r69/public_html/meetgreeksingles.com/_include/core/main_auth.php
Line: 273
Message: Uncaught Error: Class 'City' not found in /home/slqihj5q4r69/public_html/meetgreeksingles.com/_include/core/main_auth.php:273
Stack trace:
#0 /home/slqihj5q4r69/public_html/meetgreeksingles.com/_include/core/main_start.php(17): include()
#1 /home/slqihj5q4r69/public_html/meetgreeksingles.com/_cron/cron.php(11): include('/home/slqihj5q4...')
#2 {main}
  thrown

Call stack:

File:  (Line: )
Function: fatalScriptError

---------

2024-10-22 03:55:03
User_id: 0
Error: E_ERROR
URL: http://meetgreeksingles.com/_cron/cron.php
File: /home/slqihj5q4r69/public_html/meetgreeksingles.com/_include/core/main_auth.php
Line: 273
Message: Uncaught Error: Class 'City' not found in /home/slqihj5q4r69/public_html/meetgreeksingles.com/_include/core/main_auth.php:273
Stack trace:
#0 /home/slqihj5q4r69/public_html/meetgreeksingles.com/_include/core/main_start.php(17): include()
#1 /home/slqihj5q4r69/public_html/meetgreeksingles.com/_cron/cron.php(11): include('/home/slqihj5q4...')
#2 {main}
  thrown

Call stack:

File:  (Line: )
Function: fatalScriptError

---------

2024-10-22 04:00:03
User_id: 0
Error: E_ERROR
URL: http://meetgreeksingles.com/_cron/cron.php
File: /home/slqihj5q4r69/public_html/meetgreeksingles.com/_include/core/main_auth.php
Line: 273
Message: Uncaught Error: Class 'City' not found in /home/slqihj5q4r69/public_html/meetgreeksingles.com/_include/core/main_auth.php:273
Stack trace:
#0 /home/slqihj5q4r69/public_html/meetgreeksingles.com/_include/core/main_start.php(17): include()
#1 /home/slqihj5q4r69/public_html/meetgreeksingles.com/_cron/cron.php(11): include('/home/slqihj5q4...')
#2 {main}
  thrown

Call stack:

File:  (Line: )
Function: fatalScriptError

---------

2024-10-22 04:05:03
User_id: 0
Error: E_ERROR
URL: http://meetgreeksingles.com/_cron/cron.php
File: /home/slqihj5q4r69/public_html/meetgreeksingles.com/_include/core/main_auth.php
Line: 273
Message: Uncaught Error: Class 'City' not found in /home/slqihj5q4r69/public_html/meetgreeksingles.com/_include/core/main_auth.php:273
Stack trace:
#0 /home/slqihj5q4r69/public_html/meetgreeksingles.com/_include/core/main_start.php(17): include()
#1 /home/slqihj5q4r69/public_html/meetgreeksingles.com/_cron/cron.php(11): include('/home/slqihj5q4...')
#2 {main}
  thrown

Call stack:

File:  (Line: )
Function: fatalScriptError

---------

2024-10-22 04:10:02
User_id: 0
Error: E_ERROR
URL: http://meetgreeksingles.com/_cron/cron.php
File: /home/slqihj5q4r69/public_html/meetgreeksingles.com/_include/core/main_auth.php
Line: 273
Message: Uncaught Error: Class 'City' not found in /home/slqihj5q4r69/public_html/meetgreeksingles.com/_include/core/main_auth.php:273
Stack trace:
#0 /home/slqihj5q4r69/public_html/meetgreeksingles.com/_include/core/main_start.php(17): include()
#1 /home/slqihj5q4r69/public_html/meetgreeksingles.com/_cron/cron.php(11): include('/home/slqihj5q4...')
#2 {main}
  thrown

Call stack:

File:  (Line: )
Function: fatalScriptError

---------

2024-10-22 04:15:02
User_id: 0
Error: E_ERROR
URL: http://meetgreeksingles.com/_cron/cron.php
File: /home/slqihj5q4r69/public_html/meetgreeksingles.com/_include/core/main_auth.php
Line: 273
Message: Uncaught Error: Class 'City' not found in /home/slqihj5q4r69/public_html/meetgreeksingles.com/_include/core/main_auth.php:273
Stack trace:
#0 /home/slqihj5q4r69/public_html/meetgreeksingles.com/_include/core/main_start.php(17): include()
#1 /home/slqihj5q4r69/public_html/meetgreeksingles.com/_cron/cron.php(11): include('/home/slqihj5q4...')
#2 {main}
  thrown

Call stack:

File:  (Line: )
Function: fatalScriptError

---------

2024-10-22 04:20:03
User_id: 0
Error: E_ERROR
URL: http://meetgreeksingles.com/_cron/cron.php
File: /home/slqihj5q4r69/public_html/meetgreeksingles.com/_include/core/main_auth.php
Line: 273
Message: Uncaught Error: Class 'City' not found in /home/slqihj5q4r69/public_html/meetgreeksingles.com/_include/core/main_auth.php:273
Stack trace:
#0 /home/slqihj5q4r69/public_html/meetgreeksingles.com/_include/core/main_start.php(17): include()
#1 /home/slqihj5q4r69/public_html/meetgreeksingles.com/_cron/cron.php(11): include('/home/slqihj5q4...')
#2 {main}
  thrown

Call stack:

File:  (Line: )
Function: fatalScriptError

---------

2024-10-22 04:25:02
User_id: 0
Error: E_ERROR
URL: http://meetgreeksingles.com/_cron/cron.php
File: /home/slqihj5q4r69/public_html/meetgreeksingles.com/_include/core/main_auth.php
Line: 273
Message: Uncaught Error: Class 'City' not found in /home/slqihj5q4r69/public_html/meetgreeksingles.com/_include/core/main_auth.php:273
Stack trace:
#0 /home/slqihj5q4r69/public_html/meetgreeksingles.com/_include/core/main_start.php(17): include()
#1 /home/slqihj5q4r69/public_html/meetgreeksingles.com/_cron/cron.php(11): include('/home/slqihj5q4...')
#2 {main}
  thrown

Call stack:

File:  (Line: )
Function: fatalScriptError

---------

2024-10-22 04:30:02
User_id: 0
Error: E_ERROR
URL: http://meetgreeksingles.com/_cron/cron.php
File: /home/slqihj5q4r69/public_html/meetgreeksingles.com/_include/core/main_auth.php
Line: 273
Message: Uncaught Error: Class 'City' not found in /home/slqihj5q4r69/public_html/meetgreeksingles.com/_include/core/main_auth.php:273
Stack trace:
#0 /home/slqihj5q4r69/public_html/meetgreeksingles.com/_include/core/main_start.php(17): include()
#1 /home/slqihj5q4r69/public_html/meetgreeksingles.com/_cron/cron.php(11): include('/home/slqihj5q4...')
#2 {main}
  thrown

Call stack:

File:  (Line: )
Function: fatalScriptError

---------

2024-10-22 04:35:03
User_id: 0
Error: E_ERROR
URL: http://meetgreeksingles.com/_cron/cron.php
File: /home/slqihj5q4r69/public_html/meetgreeksingles.com/_include/core/main_auth.php
Line: 273
Message: Uncaught Error: Class 'City' not found in /home/slqihj5q4r69/public_html/meetgreeksingles.com/_include/core/main_auth.php:273
Stack trace:
#0 /home/slqihj5q4r69/public_html/meetgreeksingles.com/_include/core/main_start.php(17): include()
#1 /home/slqihj5q4r69/public_html/meetgreeksingles.com/_cron/cron.php(11): include('/home/slqihj5q4...')
#2 {main}
  thrown

Call stack:

File:  (Line: )
Function: fatalScriptError

---------

2024-10-22 14:51:15
User_id: 0
Error: E_ERROR
URL: https://www.meetgreeksingles.com/
File: /home/slqihj5q4r69/public_html/meetgreeksingles.com/_include/core/main_auth.php
Line: 273
Message: Uncaught Error: Class 'City' not found in /home/slqihj5q4r69/public_html/meetgreeksingles.com/_include/core/main_auth.php:273
Stack trace:
#0 /home/slqihj5q4r69/public_html/meetgreeksingles.com/_include/core/main_start.php(17): include()
#1 /home/slqihj5q4r69/public_html/meetgreeksingles.com/index.php(16): include('/home/slqihj5q4...')
#2 {main}
  thrown

Call stack:

File:  (Line: )
Function: fatalScriptError

---------

2024-10-22 16:47:11
User_id: 0
Error: E_ERROR
URL: https://meetgreeksingles.com/
File: /home/slqihj5q4r69/public_html/meetgreeksingles.com/_include/core/main_auth.php
Line: 273
Message: Uncaught Error: Class 'City' not found in /home/slqihj5q4r69/public_html/meetgreeksingles.com/_include/core/main_auth.php:273
Stack trace:
#0 /home/slqihj5q4r69/public_html/meetgreeksingles.com/_include/core/main_start.php(17): include()
#1 /home/slqihj5q4r69/public_html/meetgreeksingles.com/index.php(16): include('/home/slqihj5q4...')
#2 {main}
  thrown

Call stack:

File:  (Line: )
Function: fatalScriptError

---------

