2022-09-12 00:22:16
User_id: 0
Error: E_WARNING
URL: https://meetgreeksingles.com/system_log.php?bala=up
File: D:\htdocs\meetgreeksingles_com\_include\lib\db_mysqli.php
Line: 21
Message: mysqli_connect(): (HY000/2002): No connection could be made because the target machine actively refused it.


Call stack:

File: D:\htdocs\meetgreeksingles_com\_include\lib\db_mysqli.php (Line: 21)
Function: mysqli_connect

File: D:\htdocs\meetgreeksingles_com\_include\lib\db_common.php (Line: 69)
Class: DB
Function: driver_connect

File: D:\htdocs\meetgreeksingles_com\_include\core\start.php (Line: 366)
Class: DB_Common
Function: connect

File: D:\htdocs\meetgreeksingles_com\_include\core\main_start.php (Line: 11)
Function: include_once

File: D:\htdocs\meetgreeksingles_com\router.php (Line: 9)
Function: include

---------

