2024-12-07 19:27:20
User_id: 0
Error: E_ERROR
URL: https://meetgreeksingles.com/
File: /home/slqihj5q4r69/public_html/meetgreeksingles.com/_include/lib/db_mysql.php
Line: 14
Message: Uncaught Error: Undefined constant "MYSQL_BOTH" in /home/slqihj5q4r69/public_html/meetgreeksingles.com/_include/lib/db_mysql.php:14
Stack trace:
#0 /home/slqihj5q4r69/public_html/meetgreeksingles.com/_include/lib/db_common.php(67): [constant expression]()
#1 /home/slqihj5q4r69/public_html/meetgreeksingles.com/_include/core/start.php(366): DB_Common::connect()
#2 /home/slqihj5q4r69/public_html/meetgreeksingles.com/_include/core/main_start.php(11): include_once('/home/slqihj5q4...')
#3 /home/slqihj5q4r69/public_html/meetgreeksingles.com/index.php(16): include('/home/slqihj5q4...')
#4 {main}
  thrown

Call stack:

File:  (Line: )
Function: fatalScriptError

---------

2024-12-07 19:27:22
User_id: 0
Error: E_ERROR
URL: https://meetgreeksingles.com/favicon.ico
File: /home/slqihj5q4r69/public_html/meetgreeksingles.com/_include/lib/db_mysql.php
Line: 14
Message: Uncaught Error: Undefined constant "MYSQL_BOTH" in /home/slqihj5q4r69/public_html/meetgreeksingles.com/_include/lib/db_mysql.php:14
Stack trace:
#0 /home/slqihj5q4r69/public_html/meetgreeksingles.com/_include/lib/db_common.php(67): [constant expression]()
#1 /home/slqihj5q4r69/public_html/meetgreeksingles.com/_include/core/start.php(366): DB_Common::connect()
#2 /home/slqihj5q4r69/public_html/meetgreeksingles.com/_include/core/main_start.php(11): include_once('/home/slqihj5q4...')
#3 /home/slqihj5q4r69/public_html/meetgreeksingles.com/router.php(9): include('/home/slqihj5q4...')
#4 {main}
  thrown

Call stack:

File:  (Line: )
Function: fatalScriptError

---------

2024-12-07 19:27:31
User_id: 0
Error: E_ERROR
URL: https://meetgreeksingles.com/
File: /home/slqihj5q4r69/public_html/meetgreeksingles.com/_include/lib/db_mysql.php
Line: 14
Message: Uncaught Error: Undefined constant "MYSQL_BOTH" in /home/slqihj5q4r69/public_html/meetgreeksingles.com/_include/lib/db_mysql.php:14
Stack trace:
#0 /home/slqihj5q4r69/public_html/meetgreeksingles.com/_include/lib/db_common.php(67): [constant expression]()
#1 /home/slqihj5q4r69/public_html/meetgreeksingles.com/_include/core/start.php(366): DB_Common::connect()
#2 /home/slqihj5q4r69/public_html/meetgreeksingles.com/_include/core/main_start.php(11): include_once('/home/slqihj5q4...')
#3 /home/slqihj5q4r69/public_html/meetgreeksingles.com/index.php(16): include('/home/slqihj5q4...')
#4 {main}
  thrown

Call stack:

File:  (Line: )
Function: fatalScriptError

---------

2024-12-07 19:27:32
User_id: 0
Error: E_ERROR
URL: https://meetgreeksingles.com/
File: /home/slqihj5q4r69/public_html/meetgreeksingles.com/_include/lib/db_mysql.php
Line: 14
Message: Uncaught Error: Undefined constant "MYSQL_BOTH" in /home/slqihj5q4r69/public_html/meetgreeksingles.com/_include/lib/db_mysql.php:14
Stack trace:
#0 /home/slqihj5q4r69/public_html/meetgreeksingles.com/_include/lib/db_common.php(67): [constant expression]()
#1 /home/slqihj5q4r69/public_html/meetgreeksingles.com/_include/core/start.php(366): DB_Common::connect()
#2 /home/slqihj5q4r69/public_html/meetgreeksingles.com/_include/core/main_start.php(11): include_once('/home/slqihj5q4...')
#3 /home/slqihj5q4r69/public_html/meetgreeksingles.com/index.php(16): include('/home/slqihj5q4...')
#4 {main}
  thrown

Call stack:

File:  (Line: )
Function: fatalScriptError

---------

2024-12-07 19:27:32
User_id: 0
Error: E_ERROR
URL: https://meetgreeksingles.com/favicon.ico
File: /home/slqihj5q4r69/public_html/meetgreeksingles.com/_include/lib/db_mysql.php
Line: 14
Message: Uncaught Error: Undefined constant "MYSQL_BOTH" in /home/slqihj5q4r69/public_html/meetgreeksingles.com/_include/lib/db_mysql.php:14
Stack trace:
#0 /home/slqihj5q4r69/public_html/meetgreeksingles.com/_include/lib/db_common.php(67): [constant expression]()
#1 /home/slqihj5q4r69/public_html/meetgreeksingles.com/_include/core/start.php(366): DB_Common::connect()
#2 /home/slqihj5q4r69/public_html/meetgreeksingles.com/_include/core/main_start.php(11): include_once('/home/slqihj5q4...')
#3 /home/slqihj5q4r69/public_html/meetgreeksingles.com/router.php(9): include('/home/slqihj5q4...')
#4 {main}
  thrown

Call stack:

File:  (Line: )
Function: fatalScriptError

---------

2024-12-07 19:27:35
User_id: 0
Error: E_ERROR
URL: https://meetgreeksingles.com/favicon.ico
File: /home/slqihj5q4r69/public_html/meetgreeksingles.com/_include/lib/db_mysql.php
Line: 14
Message: Uncaught Error: Undefined constant "MYSQL_BOTH" in /home/slqihj5q4r69/public_html/meetgreeksingles.com/_include/lib/db_mysql.php:14
Stack trace:
#0 /home/slqihj5q4r69/public_html/meetgreeksingles.com/_include/lib/db_common.php(67): [constant expression]()
#1 /home/slqihj5q4r69/public_html/meetgreeksingles.com/_include/core/start.php(366): DB_Common::connect()
#2 /home/slqihj5q4r69/public_html/meetgreeksingles.com/_include/core/main_start.php(11): include_once('/home/slqihj5q4...')
#3 /home/slqihj5q4r69/public_html/meetgreeksingles.com/router.php(9): include('/home/slqihj5q4...')
#4 {main}
  thrown

Call stack:

File:  (Line: )
Function: fatalScriptError

---------

2024-12-07 19:27:39
User_id: 0
Error: E_ERROR
URL: https://meetgreeksingles.com/
File: /home/slqihj5q4r69/public_html/meetgreeksingles.com/_include/lib/db_mysql.php
Line: 14
Message: Uncaught Error: Undefined constant "MYSQL_BOTH" in /home/slqihj5q4r69/public_html/meetgreeksingles.com/_include/lib/db_mysql.php:14
Stack trace:
#0 /home/slqihj5q4r69/public_html/meetgreeksingles.com/_include/lib/db_common.php(67): [constant expression]()
#1 /home/slqihj5q4r69/public_html/meetgreeksingles.com/_include/core/start.php(366): DB_Common::connect()
#2 /home/slqihj5q4r69/public_html/meetgreeksingles.com/_include/core/main_start.php(11): include_once('/home/slqihj5q4...')
#3 /home/slqihj5q4r69/public_html/meetgreeksingles.com/index.php(16): include('/home/slqihj5q4...')
#4 {main}
  thrown

Call stack:

File:  (Line: )
Function: fatalScriptError

---------

2024-12-07 19:28:08
User_id: 0
Error: E_ERROR
URL: https://meetgreeksingles.com/
File: /home/slqihj5q4r69/public_html/meetgreeksingles.com/_include/lib/db_mysql.php
Line: 14
Message: Uncaught Error: Undefined constant "MYSQL_BOTH" in /home/slqihj5q4r69/public_html/meetgreeksingles.com/_include/lib/db_mysql.php:14
Stack trace:
#0 /home/slqihj5q4r69/public_html/meetgreeksingles.com/_include/lib/db_common.php(67): [constant expression]()
#1 /home/slqihj5q4r69/public_html/meetgreeksingles.com/_include/core/start.php(366): DB_Common::connect()
#2 /home/slqihj5q4r69/public_html/meetgreeksingles.com/_include/core/main_start.php(11): include_once('/home/slqihj5q4...')
#3 /home/slqihj5q4r69/public_html/meetgreeksingles.com/index.php(16): include('/home/slqihj5q4...')
#4 {main}
  thrown

Call stack:

File:  (Line: )
Function: fatalScriptError

---------

2024-12-07 19:28:08
User_id: 0
Error: E_ERROR
URL: https://meetgreeksingles.com/favicon.ico
File: /home/slqihj5q4r69/public_html/meetgreeksingles.com/_include/lib/db_mysql.php
Line: 14
Message: Uncaught Error: Undefined constant "MYSQL_BOTH" in /home/slqihj5q4r69/public_html/meetgreeksingles.com/_include/lib/db_mysql.php:14
Stack trace:
#0 /home/slqihj5q4r69/public_html/meetgreeksingles.com/_include/lib/db_common.php(67): [constant expression]()
#1 /home/slqihj5q4r69/public_html/meetgreeksingles.com/_include/core/start.php(366): DB_Common::connect()
#2 /home/slqihj5q4r69/public_html/meetgreeksingles.com/_include/core/main_start.php(11): include_once('/home/slqihj5q4...')
#3 /home/slqihj5q4r69/public_html/meetgreeksingles.com/router.php(9): include('/home/slqihj5q4...')
#4 {main}
  thrown

Call stack:

File:  (Line: )
Function: fatalScriptError

---------

2024-12-07 19:46:16
User_id: 0
Error: E_ERROR
URL: http://meetgreeksingles.com/maltipoo-puppies-uaopw/are-chinese-ip-cameras-safe.html
File: /home/slqihj5q4r69/public_html/meetgreeksingles.com/_include/lib/db_mysql.php
Line: 14
Message: Uncaught Error: Undefined constant "MYSQL_BOTH" in /home/slqihj5q4r69/public_html/meetgreeksingles.com/_include/lib/db_mysql.php:14
Stack trace:
#0 /home/slqihj5q4r69/public_html/meetgreeksingles.com/_include/lib/db_common.php(67): [constant expression]()
#1 /home/slqihj5q4r69/public_html/meetgreeksingles.com/_include/core/start.php(366): DB_Common::connect()
#2 /home/slqihj5q4r69/public_html/meetgreeksingles.com/_include/core/main_start.php(11): include_once('/home/slqihj5q4...')
#3 /home/slqihj5q4r69/public_html/meetgreeksingles.com/router.php(9): include('/home/slqihj5q4...')
#4 {main}
  thrown

Call stack:

File:  (Line: )
Function: fatalScriptError

---------

2024-12-07 19:55:03
User_id: 0
Error: E_ERROR
URL: http://meetgreeksingles.com/_cron/cron.php
File: /home/slqihj5q4r69/public_html/meetgreeksingles.com/_include/lib/db_mysql.php
Line: 14
Message: Uncaught Error: Undefined constant "MYSQL_BOTH" in /home/slqihj5q4r69/public_html/meetgreeksingles.com/_include/lib/db_mysql.php:14
Stack trace:
#0 /home/slqihj5q4r69/public_html/meetgreeksingles.com/_include/lib/db_common.php(67): [constant expression]()
#1 /home/slqihj5q4r69/public_html/meetgreeksingles.com/_include/core/start.php(366): DB_Common::connect()
#2 /home/slqihj5q4r69/public_html/meetgreeksingles.com/_include/core/main_start.php(11): include_once('/home/slqihj5q4...')
#3 /home/slqihj5q4r69/public_html/meetgreeksingles.com/_cron/cron.php(11): include('/home/slqihj5q4...')
#4 {main}
  thrown

Call stack:

File:  (Line: )
Function: fatalScriptError

---------

2024-12-07 20:00:03
User_id: 0
Error: E_ERROR
URL: http://meetgreeksingles.com/_cron/cron.php
File: /home/slqihj5q4r69/public_html/meetgreeksingles.com/_include/lib/db_mysql.php
Line: 14
Message: Uncaught Error: Undefined constant "MYSQL_BOTH" in /home/slqihj5q4r69/public_html/meetgreeksingles.com/_include/lib/db_mysql.php:14
Stack trace:
#0 /home/slqihj5q4r69/public_html/meetgreeksingles.com/_include/lib/db_common.php(67): [constant expression]()
#1 /home/slqihj5q4r69/public_html/meetgreeksingles.com/_include/core/start.php(366): DB_Common::connect()
#2 /home/slqihj5q4r69/public_html/meetgreeksingles.com/_include/core/main_start.php(11): include_once('/home/slqihj5q4...')
#3 /home/slqihj5q4r69/public_html/meetgreeksingles.com/_cron/cron.php(11): include('/home/slqihj5q4...')
#4 {main}
  thrown

Call stack:

File:  (Line: )
Function: fatalScriptError

---------

2024-12-07 20:01:58
User_id: 0
Error: E_ERROR
URL: https://meetgreeksingles.com/
File: /home/slqihj5q4r69/public_html/meetgreeksingles.com/_include/lib/db_mysql.php
Line: 14
Message: Uncaught Error: Undefined constant "MYSQL_BOTH" in /home/slqihj5q4r69/public_html/meetgreeksingles.com/_include/lib/db_mysql.php:14
Stack trace:
#0 /home/slqihj5q4r69/public_html/meetgreeksingles.com/_include/lib/db_common.php(67): [constant expression]()
#1 /home/slqihj5q4r69/public_html/meetgreeksingles.com/_include/core/start.php(366): DB_Common::connect()
#2 /home/slqihj5q4r69/public_html/meetgreeksingles.com/_include/core/main_start.php(11): include_once('/home/slqihj5q4...')
#3 /home/slqihj5q4r69/public_html/meetgreeksingles.com/index.php(16): include('/home/slqihj5q4...')
#4 {main}
  thrown

Call stack:

File:  (Line: )
Function: fatalScriptError

---------

2024-12-07 20:05:02
User_id: 0
Error: E_ERROR
URL: http://meetgreeksingles.com/_cron/cron.php
File: /home/slqihj5q4r69/public_html/meetgreeksingles.com/_include/lib/db_mysql.php
Line: 14
Message: Uncaught Error: Undefined constant "MYSQL_BOTH" in /home/slqihj5q4r69/public_html/meetgreeksingles.com/_include/lib/db_mysql.php:14
Stack trace:
#0 /home/slqihj5q4r69/public_html/meetgreeksingles.com/_include/lib/db_common.php(67): [constant expression]()
#1 /home/slqihj5q4r69/public_html/meetgreeksingles.com/_include/core/start.php(366): DB_Common::connect()
#2 /home/slqihj5q4r69/public_html/meetgreeksingles.com/_include/core/main_start.php(11): include_once('/home/slqihj5q4...')
#3 /home/slqihj5q4r69/public_html/meetgreeksingles.com/_cron/cron.php(11): include('/home/slqihj5q4...')
#4 {main}
  thrown

Call stack:

File:  (Line: )
Function: fatalScriptError

---------

2024-12-07 20:10:03
User_id: 0
Error: E_ERROR
URL: http://meetgreeksingles.com/_cron/cron.php
File: /home/slqihj5q4r69/public_html/meetgreeksingles.com/_include/lib/db_mysql.php
Line: 14
Message: Uncaught Error: Undefined constant "MYSQL_BOTH" in /home/slqihj5q4r69/public_html/meetgreeksingles.com/_include/lib/db_mysql.php:14
Stack trace:
#0 /home/slqihj5q4r69/public_html/meetgreeksingles.com/_include/lib/db_common.php(67): [constant expression]()
#1 /home/slqihj5q4r69/public_html/meetgreeksingles.com/_include/core/start.php(366): DB_Common::connect()
#2 /home/slqihj5q4r69/public_html/meetgreeksingles.com/_include/core/main_start.php(11): include_once('/home/slqihj5q4...')
#3 /home/slqihj5q4r69/public_html/meetgreeksingles.com/_cron/cron.php(11): include('/home/slqihj5q4...')
#4 {main}
  thrown

Call stack:

File:  (Line: )
Function: fatalScriptError

---------

2024-12-07 20:15:03
User_id: 0
Error: E_ERROR
URL: http://meetgreeksingles.com/_cron/cron.php
File: /home/slqihj5q4r69/public_html/meetgreeksingles.com/_include/lib/db_mysql.php
Line: 14
Message: Uncaught Error: Undefined constant "MYSQL_BOTH" in /home/slqihj5q4r69/public_html/meetgreeksingles.com/_include/lib/db_mysql.php:14
Stack trace:
#0 /home/slqihj5q4r69/public_html/meetgreeksingles.com/_include/lib/db_common.php(67): [constant expression]()
#1 /home/slqihj5q4r69/public_html/meetgreeksingles.com/_include/core/start.php(366): DB_Common::connect()
#2 /home/slqihj5q4r69/public_html/meetgreeksingles.com/_include/core/main_start.php(11): include_once('/home/slqihj5q4...')
#3 /home/slqihj5q4r69/public_html/meetgreeksingles.com/_cron/cron.php(11): include('/home/slqihj5q4...')
#4 {main}
  thrown

Call stack:

File:  (Line: )
Function: fatalScriptError

---------

2024-12-07 20:20:03
User_id: 0
Error: E_ERROR
URL: http://meetgreeksingles.com/_cron/cron.php
File: /home/slqihj5q4r69/public_html/meetgreeksingles.com/_include/lib/db_mysql.php
Line: 14
Message: Uncaught Error: Undefined constant "MYSQL_BOTH" in /home/slqihj5q4r69/public_html/meetgreeksingles.com/_include/lib/db_mysql.php:14
Stack trace:
#0 /home/slqihj5q4r69/public_html/meetgreeksingles.com/_include/lib/db_common.php(67): [constant expression]()
#1 /home/slqihj5q4r69/public_html/meetgreeksingles.com/_include/core/start.php(366): DB_Common::connect()
#2 /home/slqihj5q4r69/public_html/meetgreeksingles.com/_include/core/main_start.php(11): include_once('/home/slqihj5q4...')
#3 /home/slqihj5q4r69/public_html/meetgreeksingles.com/_cron/cron.php(11): include('/home/slqihj5q4...')
#4 {main}
  thrown

Call stack:

File:  (Line: )
Function: fatalScriptError

---------

2024-12-07 20:25:03
User_id: 0
Error: E_ERROR
URL: http://meetgreeksingles.com/_cron/cron.php
File: /home/slqihj5q4r69/public_html/meetgreeksingles.com/_include/lib/db_mysql.php
Line: 14
Message: Uncaught Error: Undefined constant "MYSQL_BOTH" in /home/slqihj5q4r69/public_html/meetgreeksingles.com/_include/lib/db_mysql.php:14
Stack trace:
#0 /home/slqihj5q4r69/public_html/meetgreeksingles.com/_include/lib/db_common.php(67): [constant expression]()
#1 /home/slqihj5q4r69/public_html/meetgreeksingles.com/_include/core/start.php(366): DB_Common::connect()
#2 /home/slqihj5q4r69/public_html/meetgreeksingles.com/_include/core/main_start.php(11): include_once('/home/slqihj5q4...')
#3 /home/slqihj5q4r69/public_html/meetgreeksingles.com/_cron/cron.php(11): include('/home/slqihj5q4...')
#4 {main}
  thrown

Call stack:

File:  (Line: )
Function: fatalScriptError

---------

2024-12-07 20:30:03
User_id: 0
Error: E_ERROR
URL: http://meetgreeksingles.com/_cron/cron.php
File: /home/slqihj5q4r69/public_html/meetgreeksingles.com/_include/lib/db_mysql.php
Line: 14
Message: Uncaught Error: Undefined constant "MYSQL_BOTH" in /home/slqihj5q4r69/public_html/meetgreeksingles.com/_include/lib/db_mysql.php:14
Stack trace:
#0 /home/slqihj5q4r69/public_html/meetgreeksingles.com/_include/lib/db_common.php(67): [constant expression]()
#1 /home/slqihj5q4r69/public_html/meetgreeksingles.com/_include/core/start.php(366): DB_Common::connect()
#2 /home/slqihj5q4r69/public_html/meetgreeksingles.com/_include/core/main_start.php(11): include_once('/home/slqihj5q4...')
#3 /home/slqihj5q4r69/public_html/meetgreeksingles.com/_cron/cron.php(11): include('/home/slqihj5q4...')
#4 {main}
  thrown

Call stack:

File:  (Line: )
Function: fatalScriptError

---------

2024-12-07 20:35:03
User_id: 0
Error: E_ERROR
URL: http://meetgreeksingles.com/_cron/cron.php
File: /home/slqihj5q4r69/public_html/meetgreeksingles.com/_include/lib/db_mysql.php
Line: 14
Message: Uncaught Error: Undefined constant "MYSQL_BOTH" in /home/slqihj5q4r69/public_html/meetgreeksingles.com/_include/lib/db_mysql.php:14
Stack trace:
#0 /home/slqihj5q4r69/public_html/meetgreeksingles.com/_include/lib/db_common.php(67): [constant expression]()
#1 /home/slqihj5q4r69/public_html/meetgreeksingles.com/_include/core/start.php(366): DB_Common::connect()
#2 /home/slqihj5q4r69/public_html/meetgreeksingles.com/_include/core/main_start.php(11): include_once('/home/slqihj5q4...')
#3 /home/slqihj5q4r69/public_html/meetgreeksingles.com/_cron/cron.php(11): include('/home/slqihj5q4...')
#4 {main}
  thrown

Call stack:

File:  (Line: )
Function: fatalScriptError

---------

2024-12-07 20:40:02
User_id: 0
Error: E_ERROR
URL: http://meetgreeksingles.com/_cron/cron.php
File: /home/slqihj5q4r69/public_html/meetgreeksingles.com/_include/lib/db_mysql.php
Line: 14
Message: Uncaught Error: Undefined constant "MYSQL_BOTH" in /home/slqihj5q4r69/public_html/meetgreeksingles.com/_include/lib/db_mysql.php:14
Stack trace:
#0 /home/slqihj5q4r69/public_html/meetgreeksingles.com/_include/lib/db_common.php(67): [constant expression]()
#1 /home/slqihj5q4r69/public_html/meetgreeksingles.com/_include/core/start.php(366): DB_Common::connect()
#2 /home/slqihj5q4r69/public_html/meetgreeksingles.com/_include/core/main_start.php(11): include_once('/home/slqihj5q4...')
#3 /home/slqihj5q4r69/public_html/meetgreeksingles.com/_cron/cron.php(11): include('/home/slqihj5q4...')
#4 {main}
  thrown

Call stack:

File:  (Line: )
Function: fatalScriptError

---------

2024-12-07 20:45:02
User_id: 0
Error: E_ERROR
URL: http://meetgreeksingles.com/_cron/cron.php
File: /home/slqihj5q4r69/public_html/meetgreeksingles.com/_include/lib/db_mysql.php
Line: 14
Message: Uncaught Error: Undefined constant "MYSQL_BOTH" in /home/slqihj5q4r69/public_html/meetgreeksingles.com/_include/lib/db_mysql.php:14
Stack trace:
#0 /home/slqihj5q4r69/public_html/meetgreeksingles.com/_include/lib/db_common.php(67): [constant expression]()
#1 /home/slqihj5q4r69/public_html/meetgreeksingles.com/_include/core/start.php(366): DB_Common::connect()
#2 /home/slqihj5q4r69/public_html/meetgreeksingles.com/_include/core/main_start.php(11): include_once('/home/slqihj5q4...')
#3 /home/slqihj5q4r69/public_html/meetgreeksingles.com/_cron/cron.php(11): include('/home/slqihj5q4...')
#4 {main}
  thrown

Call stack:

File:  (Line: )
Function: fatalScriptError

---------

2024-12-07 20:50:03
User_id: 0
Error: E_ERROR
URL: http://meetgreeksingles.com/_cron/cron.php
File: /home/slqihj5q4r69/public_html/meetgreeksingles.com/_include/lib/db_mysql.php
Line: 14
Message: Uncaught Error: Undefined constant "MYSQL_BOTH" in /home/slqihj5q4r69/public_html/meetgreeksingles.com/_include/lib/db_mysql.php:14
Stack trace:
#0 /home/slqihj5q4r69/public_html/meetgreeksingles.com/_include/lib/db_common.php(67): [constant expression]()
#1 /home/slqihj5q4r69/public_html/meetgreeksingles.com/_include/core/start.php(366): DB_Common::connect()
#2 /home/slqihj5q4r69/public_html/meetgreeksingles.com/_include/core/main_start.php(11): include_once('/home/slqihj5q4...')
#3 /home/slqihj5q4r69/public_html/meetgreeksingles.com/_cron/cron.php(11): include('/home/slqihj5q4...')
#4 {main}
  thrown

Call stack:

File:  (Line: )
Function: fatalScriptError

---------

2024-12-07 20:55:02
User_id: 0
Error: E_ERROR
URL: http://meetgreeksingles.com/_cron/cron.php
File: /home/slqihj5q4r69/public_html/meetgreeksingles.com/_include/lib/db_mysql.php
Line: 14
Message: Uncaught Error: Undefined constant "MYSQL_BOTH" in /home/slqihj5q4r69/public_html/meetgreeksingles.com/_include/lib/db_mysql.php:14
Stack trace:
#0 /home/slqihj5q4r69/public_html/meetgreeksingles.com/_include/lib/db_common.php(67): [constant expression]()
#1 /home/slqihj5q4r69/public_html/meetgreeksingles.com/_include/core/start.php(366): DB_Common::connect()
#2 /home/slqihj5q4r69/public_html/meetgreeksingles.com/_include/core/main_start.php(11): include_once('/home/slqihj5q4...')
#3 /home/slqihj5q4r69/public_html/meetgreeksingles.com/_cron/cron.php(11): include('/home/slqihj5q4...')
#4 {main}
  thrown

Call stack:

File:  (Line: )
Function: fatalScriptError

---------

2024-12-07 21:00:03
User_id: 0
Error: E_ERROR
URL: http://meetgreeksingles.com/_cron/cron.php
File: /home/slqihj5q4r69/public_html/meetgreeksingles.com/_include/lib/db_mysql.php
Line: 14
Message: Uncaught Error: Undefined constant "MYSQL_BOTH" in /home/slqihj5q4r69/public_html/meetgreeksingles.com/_include/lib/db_mysql.php:14
Stack trace:
#0 /home/slqihj5q4r69/public_html/meetgreeksingles.com/_include/lib/db_common.php(67): [constant expression]()
#1 /home/slqihj5q4r69/public_html/meetgreeksingles.com/_include/core/start.php(366): DB_Common::connect()
#2 /home/slqihj5q4r69/public_html/meetgreeksingles.com/_include/core/main_start.php(11): include_once('/home/slqihj5q4...')
#3 /home/slqihj5q4r69/public_html/meetgreeksingles.com/_cron/cron.php(11): include('/home/slqihj5q4...')
#4 {main}
  thrown

Call stack:

File:  (Line: )
Function: fatalScriptError

---------

2024-12-07 21:05:03
User_id: 0
Error: E_ERROR
URL: http://meetgreeksingles.com/_cron/cron.php
File: /home/slqihj5q4r69/public_html/meetgreeksingles.com/_include/lib/db_mysql.php
Line: 14
Message: Uncaught Error: Undefined constant "MYSQL_BOTH" in /home/slqihj5q4r69/public_html/meetgreeksingles.com/_include/lib/db_mysql.php:14
Stack trace:
#0 /home/slqihj5q4r69/public_html/meetgreeksingles.com/_include/lib/db_common.php(67): [constant expression]()
#1 /home/slqihj5q4r69/public_html/meetgreeksingles.com/_include/core/start.php(366): DB_Common::connect()
#2 /home/slqihj5q4r69/public_html/meetgreeksingles.com/_include/core/main_start.php(11): include_once('/home/slqihj5q4...')
#3 /home/slqihj5q4r69/public_html/meetgreeksingles.com/_cron/cron.php(11): include('/home/slqihj5q4...')
#4 {main}
  thrown

Call stack:

File:  (Line: )
Function: fatalScriptError

---------

2024-12-07 21:10:03
User_id: 0
Error: E_ERROR
URL: http://meetgreeksingles.com/_cron/cron.php
File: /home/slqihj5q4r69/public_html/meetgreeksingles.com/_include/lib/db_mysql.php
Line: 14
Message: Uncaught Error: Undefined constant "MYSQL_BOTH" in /home/slqihj5q4r69/public_html/meetgreeksingles.com/_include/lib/db_mysql.php:14
Stack trace:
#0 /home/slqihj5q4r69/public_html/meetgreeksingles.com/_include/lib/db_common.php(67): [constant expression]()
#1 /home/slqihj5q4r69/public_html/meetgreeksingles.com/_include/core/start.php(366): DB_Common::connect()
#2 /home/slqihj5q4r69/public_html/meetgreeksingles.com/_include/core/main_start.php(11): include_once('/home/slqihj5q4...')
#3 /home/slqihj5q4r69/public_html/meetgreeksingles.com/_cron/cron.php(11): include('/home/slqihj5q4...')
#4 {main}
  thrown

Call stack:

File:  (Line: )
Function: fatalScriptError

---------

2024-12-07 21:15:02
User_id: 0
Error: E_ERROR
URL: http://meetgreeksingles.com/_cron/cron.php
File: /home/slqihj5q4r69/public_html/meetgreeksingles.com/_include/lib/db_mysql.php
Line: 14
Message: Uncaught Error: Undefined constant "MYSQL_BOTH" in /home/slqihj5q4r69/public_html/meetgreeksingles.com/_include/lib/db_mysql.php:14
Stack trace:
#0 /home/slqihj5q4r69/public_html/meetgreeksingles.com/_include/lib/db_common.php(67): [constant expression]()
#1 /home/slqihj5q4r69/public_html/meetgreeksingles.com/_include/core/start.php(366): DB_Common::connect()
#2 /home/slqihj5q4r69/public_html/meetgreeksingles.com/_include/core/main_start.php(11): include_once('/home/slqihj5q4...')
#3 /home/slqihj5q4r69/public_html/meetgreeksingles.com/_cron/cron.php(11): include('/home/slqihj5q4...')
#4 {main}
  thrown

Call stack:

File:  (Line: )
Function: fatalScriptError

---------

2024-12-07 21:16:15
User_id: 0
Error: E_ERROR
URL: http://meetgreeksingles.com/maltipoo-puppies-uaopw/blockchain-moonshots-teeka-tiwari.html
File: /home/slqihj5q4r69/public_html/meetgreeksingles.com/_include/lib/db_mysql.php
Line: 14
Message: Uncaught Error: Undefined constant "MYSQL_BOTH" in /home/slqihj5q4r69/public_html/meetgreeksingles.com/_include/lib/db_mysql.php:14
Stack trace:
#0 /home/slqihj5q4r69/public_html/meetgreeksingles.com/_include/lib/db_common.php(67): [constant expression]()
#1 /home/slqihj5q4r69/public_html/meetgreeksingles.com/_include/core/start.php(366): DB_Common::connect()
#2 /home/slqihj5q4r69/public_html/meetgreeksingles.com/_include/core/main_start.php(11): include_once('/home/slqihj5q4...')
#3 /home/slqihj5q4r69/public_html/meetgreeksingles.com/router.php(9): include('/home/slqihj5q4...')
#4 {main}
  thrown

Call stack:

File:  (Line: )
Function: fatalScriptError

---------

2024-12-07 21:20:03
User_id: 0
Error: E_ERROR
URL: http://meetgreeksingles.com/_cron/cron.php
File: /home/slqihj5q4r69/public_html/meetgreeksingles.com/_include/lib/db_mysql.php
Line: 14
Message: Uncaught Error: Undefined constant "MYSQL_BOTH" in /home/slqihj5q4r69/public_html/meetgreeksingles.com/_include/lib/db_mysql.php:14
Stack trace:
#0 /home/slqihj5q4r69/public_html/meetgreeksingles.com/_include/lib/db_common.php(67): [constant expression]()
#1 /home/slqihj5q4r69/public_html/meetgreeksingles.com/_include/core/start.php(366): DB_Common::connect()
#2 /home/slqihj5q4r69/public_html/meetgreeksingles.com/_include/core/main_start.php(11): include_once('/home/slqihj5q4...')
#3 /home/slqihj5q4r69/public_html/meetgreeksingles.com/_cron/cron.php(11): include('/home/slqihj5q4...')
#4 {main}
  thrown

Call stack:

File:  (Line: )
Function: fatalScriptError

---------

2024-12-07 21:25:02
User_id: 0
Error: E_ERROR
URL: http://meetgreeksingles.com/_cron/cron.php
File: /home/slqihj5q4r69/public_html/meetgreeksingles.com/_include/lib/db_mysql.php
Line: 14
Message: Uncaught Error: Undefined constant "MYSQL_BOTH" in /home/slqihj5q4r69/public_html/meetgreeksingles.com/_include/lib/db_mysql.php:14
Stack trace:
#0 /home/slqihj5q4r69/public_html/meetgreeksingles.com/_include/lib/db_common.php(67): [constant expression]()
#1 /home/slqihj5q4r69/public_html/meetgreeksingles.com/_include/core/start.php(366): DB_Common::connect()
#2 /home/slqihj5q4r69/public_html/meetgreeksingles.com/_include/core/main_start.php(11): include_once('/home/slqihj5q4...')
#3 /home/slqihj5q4r69/public_html/meetgreeksingles.com/_cron/cron.php(11): include('/home/slqihj5q4...')
#4 {main}
  thrown

Call stack:

File:  (Line: )
Function: fatalScriptError

---------

2024-12-07 21:30:02
User_id: 0
Error: E_ERROR
URL: http://meetgreeksingles.com/_cron/cron.php
File: /home/slqihj5q4r69/public_html/meetgreeksingles.com/_include/lib/db_mysql.php
Line: 14
Message: Uncaught Error: Undefined constant "MYSQL_BOTH" in /home/slqihj5q4r69/public_html/meetgreeksingles.com/_include/lib/db_mysql.php:14
Stack trace:
#0 /home/slqihj5q4r69/public_html/meetgreeksingles.com/_include/lib/db_common.php(67): [constant expression]()
#1 /home/slqihj5q4r69/public_html/meetgreeksingles.com/_include/core/start.php(366): DB_Common::connect()
#2 /home/slqihj5q4r69/public_html/meetgreeksingles.com/_include/core/main_start.php(11): include_once('/home/slqihj5q4...')
#3 /home/slqihj5q4r69/public_html/meetgreeksingles.com/_cron/cron.php(11): include('/home/slqihj5q4...')
#4 {main}
  thrown

Call stack:

File:  (Line: )
Function: fatalScriptError

---------

2024-12-07 21:35:03
User_id: 0
Error: E_ERROR
URL: http://meetgreeksingles.com/_cron/cron.php
File: /home/slqihj5q4r69/public_html/meetgreeksingles.com/_include/lib/db_mysql.php
Line: 14
Message: Uncaught Error: Undefined constant "MYSQL_BOTH" in /home/slqihj5q4r69/public_html/meetgreeksingles.com/_include/lib/db_mysql.php:14
Stack trace:
#0 /home/slqihj5q4r69/public_html/meetgreeksingles.com/_include/lib/db_common.php(67): [constant expression]()
#1 /home/slqihj5q4r69/public_html/meetgreeksingles.com/_include/core/start.php(366): DB_Common::connect()
#2 /home/slqihj5q4r69/public_html/meetgreeksingles.com/_include/core/main_start.php(11): include_once('/home/slqihj5q4...')
#3 /home/slqihj5q4r69/public_html/meetgreeksingles.com/_cron/cron.php(11): include('/home/slqihj5q4...')
#4 {main}
  thrown

Call stack:

File:  (Line: )
Function: fatalScriptError

---------

2024-12-07 21:40:03
User_id: 0
Error: E_ERROR
URL: http://meetgreeksingles.com/_cron/cron.php
File: /home/slqihj5q4r69/public_html/meetgreeksingles.com/_include/lib/db_mysql.php
Line: 14
Message: Uncaught Error: Undefined constant "MYSQL_BOTH" in /home/slqihj5q4r69/public_html/meetgreeksingles.com/_include/lib/db_mysql.php:14
Stack trace:
#0 /home/slqihj5q4r69/public_html/meetgreeksingles.com/_include/lib/db_common.php(67): [constant expression]()
#1 /home/slqihj5q4r69/public_html/meetgreeksingles.com/_include/core/start.php(366): DB_Common::connect()
#2 /home/slqihj5q4r69/public_html/meetgreeksingles.com/_include/core/main_start.php(11): include_once('/home/slqihj5q4...')
#3 /home/slqihj5q4r69/public_html/meetgreeksingles.com/_cron/cron.php(11): include('/home/slqihj5q4...')
#4 {main}
  thrown

Call stack:

File:  (Line: )
Function: fatalScriptError

---------

2024-12-07 21:45:03
User_id: 0
Error: E_ERROR
URL: http://meetgreeksingles.com/_cron/cron.php
File: /home/slqihj5q4r69/public_html/meetgreeksingles.com/_include/lib/db_mysql.php
Line: 14
Message: Uncaught Error: Undefined constant "MYSQL_BOTH" in /home/slqihj5q4r69/public_html/meetgreeksingles.com/_include/lib/db_mysql.php:14
Stack trace:
#0 /home/slqihj5q4r69/public_html/meetgreeksingles.com/_include/lib/db_common.php(67): [constant expression]()
#1 /home/slqihj5q4r69/public_html/meetgreeksingles.com/_include/core/start.php(366): DB_Common::connect()
#2 /home/slqihj5q4r69/public_html/meetgreeksingles.com/_include/core/main_start.php(11): include_once('/home/slqihj5q4...')
#3 /home/slqihj5q4r69/public_html/meetgreeksingles.com/_cron/cron.php(11): include('/home/slqihj5q4...')
#4 {main}
  thrown

Call stack:

File:  (Line: )
Function: fatalScriptError

---------

2024-12-07 21:50:03
User_id: 0
Error: E_ERROR
URL: http://meetgreeksingles.com/_cron/cron.php
File: /home/slqihj5q4r69/public_html/meetgreeksingles.com/_include/lib/db_mysql.php
Line: 14
Message: Uncaught Error: Undefined constant "MYSQL_BOTH" in /home/slqihj5q4r69/public_html/meetgreeksingles.com/_include/lib/db_mysql.php:14
Stack trace:
#0 /home/slqihj5q4r69/public_html/meetgreeksingles.com/_include/lib/db_common.php(67): [constant expression]()
#1 /home/slqihj5q4r69/public_html/meetgreeksingles.com/_include/core/start.php(366): DB_Common::connect()
#2 /home/slqihj5q4r69/public_html/meetgreeksingles.com/_include/core/main_start.php(11): include_once('/home/slqihj5q4...')
#3 /home/slqihj5q4r69/public_html/meetgreeksingles.com/_cron/cron.php(11): include('/home/slqihj5q4...')
#4 {main}
  thrown

Call stack:

File:  (Line: )
Function: fatalScriptError

---------

2024-12-07 21:55:03
User_id: 0
Error: E_ERROR
URL: http://meetgreeksingles.com/_cron/cron.php
File: /home/slqihj5q4r69/public_html/meetgreeksingles.com/_include/lib/db_mysql.php
Line: 14
Message: Uncaught Error: Undefined constant "MYSQL_BOTH" in /home/slqihj5q4r69/public_html/meetgreeksingles.com/_include/lib/db_mysql.php:14
Stack trace:
#0 /home/slqihj5q4r69/public_html/meetgreeksingles.com/_include/lib/db_common.php(67): [constant expression]()
#1 /home/slqihj5q4r69/public_html/meetgreeksingles.com/_include/core/start.php(366): DB_Common::connect()
#2 /home/slqihj5q4r69/public_html/meetgreeksingles.com/_include/core/main_start.php(11): include_once('/home/slqihj5q4...')
#3 /home/slqihj5q4r69/public_html/meetgreeksingles.com/_cron/cron.php(11): include('/home/slqihj5q4...')
#4 {main}
  thrown

Call stack:

File:  (Line: )
Function: fatalScriptError

---------

2024-12-07 22:00:03
User_id: 0
Error: E_ERROR
URL: http://meetgreeksingles.com/_cron/cron.php
File: /home/slqihj5q4r69/public_html/meetgreeksingles.com/_include/lib/db_mysql.php
Line: 14
Message: Uncaught Error: Undefined constant "MYSQL_BOTH" in /home/slqihj5q4r69/public_html/meetgreeksingles.com/_include/lib/db_mysql.php:14
Stack trace:
#0 /home/slqihj5q4r69/public_html/meetgreeksingles.com/_include/lib/db_common.php(67): [constant expression]()
#1 /home/slqihj5q4r69/public_html/meetgreeksingles.com/_include/core/start.php(366): DB_Common::connect()
#2 /home/slqihj5q4r69/public_html/meetgreeksingles.com/_include/core/main_start.php(11): include_once('/home/slqihj5q4...')
#3 /home/slqihj5q4r69/public_html/meetgreeksingles.com/_cron/cron.php(11): include('/home/slqihj5q4...')
#4 {main}
  thrown

Call stack:

File:  (Line: )
Function: fatalScriptError

---------

2024-12-07 22:05:03
User_id: 0
Error: E_ERROR
URL: http://meetgreeksingles.com/_cron/cron.php
File: /home/slqihj5q4r69/public_html/meetgreeksingles.com/_include/lib/db_mysql.php
Line: 14
Message: Uncaught Error: Undefined constant "MYSQL_BOTH" in /home/slqihj5q4r69/public_html/meetgreeksingles.com/_include/lib/db_mysql.php:14
Stack trace:
#0 /home/slqihj5q4r69/public_html/meetgreeksingles.com/_include/lib/db_common.php(67): [constant expression]()
#1 /home/slqihj5q4r69/public_html/meetgreeksingles.com/_include/core/start.php(366): DB_Common::connect()
#2 /home/slqihj5q4r69/public_html/meetgreeksingles.com/_include/core/main_start.php(11): include_once('/home/slqihj5q4...')
#3 /home/slqihj5q4r69/public_html/meetgreeksingles.com/_cron/cron.php(11): include('/home/slqihj5q4...')
#4 {main}
  thrown

Call stack:

File:  (Line: )
Function: fatalScriptError

---------

2024-12-07 22:10:03
User_id: 0
Error: E_ERROR
URL: http://meetgreeksingles.com/_cron/cron.php
File: /home/slqihj5q4r69/public_html/meetgreeksingles.com/_include/lib/db_mysql.php
Line: 14
Message: Uncaught Error: Undefined constant "MYSQL_BOTH" in /home/slqihj5q4r69/public_html/meetgreeksingles.com/_include/lib/db_mysql.php:14
Stack trace:
#0 /home/slqihj5q4r69/public_html/meetgreeksingles.com/_include/lib/db_common.php(67): [constant expression]()
#1 /home/slqihj5q4r69/public_html/meetgreeksingles.com/_include/core/start.php(366): DB_Common::connect()
#2 /home/slqihj5q4r69/public_html/meetgreeksingles.com/_include/core/main_start.php(11): include_once('/home/slqihj5q4...')
#3 /home/slqihj5q4r69/public_html/meetgreeksingles.com/_cron/cron.php(11): include('/home/slqihj5q4...')
#4 {main}
  thrown

Call stack:

File:  (Line: )
Function: fatalScriptError

---------

2024-12-07 22:15:02
User_id: 0
Error: E_ERROR
URL: http://meetgreeksingles.com/_cron/cron.php
File: /home/slqihj5q4r69/public_html/meetgreeksingles.com/_include/lib/db_mysql.php
Line: 14
Message: Uncaught Error: Undefined constant "MYSQL_BOTH" in /home/slqihj5q4r69/public_html/meetgreeksingles.com/_include/lib/db_mysql.php:14
Stack trace:
#0 /home/slqihj5q4r69/public_html/meetgreeksingles.com/_include/lib/db_common.php(67): [constant expression]()
#1 /home/slqihj5q4r69/public_html/meetgreeksingles.com/_include/core/start.php(366): DB_Common::connect()
#2 /home/slqihj5q4r69/public_html/meetgreeksingles.com/_include/core/main_start.php(11): include_once('/home/slqihj5q4...')
#3 /home/slqihj5q4r69/public_html/meetgreeksingles.com/_cron/cron.php(11): include('/home/slqihj5q4...')
#4 {main}
  thrown

Call stack:

File:  (Line: )
Function: fatalScriptError

---------

2024-12-07 22:20:03
User_id: 0
Error: E_ERROR
URL: http://meetgreeksingles.com/_cron/cron.php
File: /home/slqihj5q4r69/public_html/meetgreeksingles.com/_include/lib/db_mysql.php
Line: 14
Message: Uncaught Error: Undefined constant "MYSQL_BOTH" in /home/slqihj5q4r69/public_html/meetgreeksingles.com/_include/lib/db_mysql.php:14
Stack trace:
#0 /home/slqihj5q4r69/public_html/meetgreeksingles.com/_include/lib/db_common.php(67): [constant expression]()
#1 /home/slqihj5q4r69/public_html/meetgreeksingles.com/_include/core/start.php(366): DB_Common::connect()
#2 /home/slqihj5q4r69/public_html/meetgreeksingles.com/_include/core/main_start.php(11): include_once('/home/slqihj5q4...')
#3 /home/slqihj5q4r69/public_html/meetgreeksingles.com/_cron/cron.php(11): include('/home/slqihj5q4...')
#4 {main}
  thrown

Call stack:

File:  (Line: )
Function: fatalScriptError

---------

2024-12-07 22:24:34
User_id: 0
Error: E_ERROR
URL: https://meetgreeksingles.com/login/privacy_policy
File: /home/slqihj5q4r69/public_html/meetgreeksingles.com/_include/lib/db_mysql.php
Line: 14
Message: Uncaught Error: Undefined constant "MYSQL_BOTH" in /home/slqihj5q4r69/public_html/meetgreeksingles.com/_include/lib/db_mysql.php:14
Stack trace:
#0 /home/slqihj5q4r69/public_html/meetgreeksingles.com/_include/lib/db_common.php(67): [constant expression]()
#1 /home/slqihj5q4r69/public_html/meetgreeksingles.com/_include/core/start.php(366): DB_Common::connect()
#2 /home/slqihj5q4r69/public_html/meetgreeksingles.com/_include/core/main_start.php(11): include_once('/home/slqihj5q4...')
#3 /home/slqihj5q4r69/public_html/meetgreeksingles.com/router.php(9): include('/home/slqihj5q4...')
#4 {main}
  thrown

Call stack:

File:  (Line: )
Function: fatalScriptError

---------

2024-12-07 22:25:02
User_id: 0
Error: E_ERROR
URL: http://meetgreeksingles.com/_cron/cron.php
File: /home/slqihj5q4r69/public_html/meetgreeksingles.com/_include/lib/db_mysql.php
Line: 14
Message: Uncaught Error: Undefined constant "MYSQL_BOTH" in /home/slqihj5q4r69/public_html/meetgreeksingles.com/_include/lib/db_mysql.php:14
Stack trace:
#0 /home/slqihj5q4r69/public_html/meetgreeksingles.com/_include/lib/db_common.php(67): [constant expression]()
#1 /home/slqihj5q4r69/public_html/meetgreeksingles.com/_include/core/start.php(366): DB_Common::connect()
#2 /home/slqihj5q4r69/public_html/meetgreeksingles.com/_include/core/main_start.php(11): include_once('/home/slqihj5q4...')
#3 /home/slqihj5q4r69/public_html/meetgreeksingles.com/_cron/cron.php(11): include('/home/slqihj5q4...')
#4 {main}
  thrown

Call stack:

File:  (Line: )
Function: fatalScriptError

---------

2024-12-07 22:25:22
User_id: 0
Error: E_ERROR
URL: https://meetgreeksingles.com/contact/_files/logo/_files/_files/_files/_files/_files/_files/_files/_files/favicon.ico?v=1695817920
File: /home/slqihj5q4r69/public_html/meetgreeksingles.com/_include/lib/db_mysql.php
Line: 14
Message: Uncaught Error: Undefined constant "MYSQL_BOTH" in /home/slqihj5q4r69/public_html/meetgreeksingles.com/_include/lib/db_mysql.php:14
Stack trace:
#0 /home/slqihj5q4r69/public_html/meetgreeksingles.com/_include/lib/db_common.php(67): [constant expression]()
#1 /home/slqihj5q4r69/public_html/meetgreeksingles.com/_include/core/start.php(366): DB_Common::connect()
#2 /home/slqihj5q4r69/public_html/meetgreeksingles.com/_include/core/main_start.php(11): include_once('/home/slqihj5q4...')
#3 /home/slqihj5q4r69/public_html/meetgreeksingles.com/router.php(9): include('/home/slqihj5q4...')
#4 {main}
  thrown

Call stack:

File:  (Line: )
Function: fatalScriptError

---------

2024-12-07 22:30:02
User_id: 0
Error: E_ERROR
URL: http://meetgreeksingles.com/_cron/cron.php
File: /home/slqihj5q4r69/public_html/meetgreeksingles.com/_include/lib/db_mysql.php
Line: 14
Message: Uncaught Error: Undefined constant "MYSQL_BOTH" in /home/slqihj5q4r69/public_html/meetgreeksingles.com/_include/lib/db_mysql.php:14
Stack trace:
#0 /home/slqihj5q4r69/public_html/meetgreeksingles.com/_include/lib/db_common.php(67): [constant expression]()
#1 /home/slqihj5q4r69/public_html/meetgreeksingles.com/_include/core/start.php(366): DB_Common::connect()
#2 /home/slqihj5q4r69/public_html/meetgreeksingles.com/_include/core/main_start.php(11): include_once('/home/slqihj5q4...')
#3 /home/slqihj5q4r69/public_html/meetgreeksingles.com/_cron/cron.php(11): include('/home/slqihj5q4...')
#4 {main}
  thrown

Call stack:

File:  (Line: )
Function: fatalScriptError

---------

2024-12-07 22:35:02
User_id: 0
Error: E_ERROR
URL: http://meetgreeksingles.com/_cron/cron.php
File: /home/slqihj5q4r69/public_html/meetgreeksingles.com/_include/lib/db_mysql.php
Line: 14
Message: Uncaught Error: Undefined constant "MYSQL_BOTH" in /home/slqihj5q4r69/public_html/meetgreeksingles.com/_include/lib/db_mysql.php:14
Stack trace:
#0 /home/slqihj5q4r69/public_html/meetgreeksingles.com/_include/lib/db_common.php(67): [constant expression]()
#1 /home/slqihj5q4r69/public_html/meetgreeksingles.com/_include/core/start.php(366): DB_Common::connect()
#2 /home/slqihj5q4r69/public_html/meetgreeksingles.com/_include/core/main_start.php(11): include_once('/home/slqihj5q4...')
#3 /home/slqihj5q4r69/public_html/meetgreeksingles.com/_cron/cron.php(11): include('/home/slqihj5q4...')
#4 {main}
  thrown

Call stack:

File:  (Line: )
Function: fatalScriptError

---------

2024-12-07 22:40:03
User_id: 0
Error: E_ERROR
URL: http://meetgreeksingles.com/_cron/cron.php
File: /home/slqihj5q4r69/public_html/meetgreeksingles.com/_include/lib/db_mysql.php
Line: 14
Message: Uncaught Error: Undefined constant "MYSQL_BOTH" in /home/slqihj5q4r69/public_html/meetgreeksingles.com/_include/lib/db_mysql.php:14
Stack trace:
#0 /home/slqihj5q4r69/public_html/meetgreeksingles.com/_include/lib/db_common.php(67): [constant expression]()
#1 /home/slqihj5q4r69/public_html/meetgreeksingles.com/_include/core/start.php(366): DB_Common::connect()
#2 /home/slqihj5q4r69/public_html/meetgreeksingles.com/_include/core/main_start.php(11): include_once('/home/slqihj5q4...')
#3 /home/slqihj5q4r69/public_html/meetgreeksingles.com/_cron/cron.php(11): include('/home/slqihj5q4...')
#4 {main}
  thrown

Call stack:

File:  (Line: )
Function: fatalScriptError

---------

2024-12-07 22:44:15
User_id: 0
Error: E_ERROR
URL: http://meetgreeksingles.com/grays-harbor-f9ioo/7k-metals.html
File: /home/slqihj5q4r69/public_html/meetgreeksingles.com/_include/lib/db_mysql.php
Line: 14
Message: Uncaught Error: Undefined constant "MYSQL_BOTH" in /home/slqihj5q4r69/public_html/meetgreeksingles.com/_include/lib/db_mysql.php:14
Stack trace:
#0 /home/slqihj5q4r69/public_html/meetgreeksingles.com/_include/lib/db_common.php(67): [constant expression]()
#1 /home/slqihj5q4r69/public_html/meetgreeksingles.com/_include/core/start.php(366): DB_Common::connect()
#2 /home/slqihj5q4r69/public_html/meetgreeksingles.com/_include/core/main_start.php(11): include_once('/home/slqihj5q4...')
#3 /home/slqihj5q4r69/public_html/meetgreeksingles.com/router.php(9): include('/home/slqihj5q4...')
#4 {main}
  thrown

Call stack:

File:  (Line: )
Function: fatalScriptError

---------

2024-12-07 22:45:03
User_id: 0
Error: E_ERROR
URL: http://meetgreeksingles.com/_cron/cron.php
File: /home/slqihj5q4r69/public_html/meetgreeksingles.com/_include/lib/db_mysql.php
Line: 14
Message: Uncaught Error: Undefined constant "MYSQL_BOTH" in /home/slqihj5q4r69/public_html/meetgreeksingles.com/_include/lib/db_mysql.php:14
Stack trace:
#0 /home/slqihj5q4r69/public_html/meetgreeksingles.com/_include/lib/db_common.php(67): [constant expression]()
#1 /home/slqihj5q4r69/public_html/meetgreeksingles.com/_include/core/start.php(366): DB_Common::connect()
#2 /home/slqihj5q4r69/public_html/meetgreeksingles.com/_include/core/main_start.php(11): include_once('/home/slqihj5q4...')
#3 /home/slqihj5q4r69/public_html/meetgreeksingles.com/_cron/cron.php(11): include('/home/slqihj5q4...')
#4 {main}
  thrown

Call stack:

File:  (Line: )
Function: fatalScriptError

---------

2024-12-07 22:46:15
User_id: 0
Error: E_ERROR
URL: http://meetgreeksingles.com/maltipoo-puppies-uaopw/kawaii-twitch-overlay.html
File: /home/slqihj5q4r69/public_html/meetgreeksingles.com/_include/lib/db_mysql.php
Line: 14
Message: Uncaught Error: Undefined constant "MYSQL_BOTH" in /home/slqihj5q4r69/public_html/meetgreeksingles.com/_include/lib/db_mysql.php:14
Stack trace:
#0 /home/slqihj5q4r69/public_html/meetgreeksingles.com/_include/lib/db_common.php(67): [constant expression]()
#1 /home/slqihj5q4r69/public_html/meetgreeksingles.com/_include/core/start.php(366): DB_Common::connect()
#2 /home/slqihj5q4r69/public_html/meetgreeksingles.com/_include/core/main_start.php(11): include_once('/home/slqihj5q4...')
#3 /home/slqihj5q4r69/public_html/meetgreeksingles.com/router.php(9): include('/home/slqihj5q4...')
#4 {main}
  thrown

Call stack:

File:  (Line: )
Function: fatalScriptError

---------

2024-12-07 22:48:36
User_id: 0
Error: E_ERROR
URL: http://meetgreeksingles.com/assets/admin/plugins/plupload/examples/upload.php
File: /home/slqihj5q4r69/public_html/meetgreeksingles.com/_include/lib/db_mysql.php
Line: 14
Message: Uncaught Error: Undefined constant "MYSQL_BOTH" in /home/slqihj5q4r69/public_html/meetgreeksingles.com/_include/lib/db_mysql.php:14
Stack trace:
#0 /home/slqihj5q4r69/public_html/meetgreeksingles.com/_include/lib/db_common.php(67): [constant expression]()
#1 /home/slqihj5q4r69/public_html/meetgreeksingles.com/_include/core/start.php(366): DB_Common::connect()
#2 /home/slqihj5q4r69/public_html/meetgreeksingles.com/_include/core/main_start.php(11): include_once('/home/slqihj5q4...')
#3 /home/slqihj5q4r69/public_html/meetgreeksingles.com/router.php(9): include('/home/slqihj5q4...')
#4 {main}
  thrown

Call stack:

File:  (Line: )
Function: fatalScriptError

---------

2024-12-07 22:50:02
User_id: 0
Error: E_ERROR
URL: http://meetgreeksingles.com/_cron/cron.php
File: /home/slqihj5q4r69/public_html/meetgreeksingles.com/_include/lib/db_mysql.php
Line: 14
Message: Uncaught Error: Undefined constant "MYSQL_BOTH" in /home/slqihj5q4r69/public_html/meetgreeksingles.com/_include/lib/db_mysql.php:14
Stack trace:
#0 /home/slqihj5q4r69/public_html/meetgreeksingles.com/_include/lib/db_common.php(67): [constant expression]()
#1 /home/slqihj5q4r69/public_html/meetgreeksingles.com/_include/core/start.php(366): DB_Common::connect()
#2 /home/slqihj5q4r69/public_html/meetgreeksingles.com/_include/core/main_start.php(11): include_once('/home/slqihj5q4...')
#3 /home/slqihj5q4r69/public_html/meetgreeksingles.com/_cron/cron.php(11): include('/home/slqihj5q4...')
#4 {main}
  thrown

Call stack:

File:  (Line: )
Function: fatalScriptError

---------

2024-12-07 22:55:02
User_id: 0
Error: E_ERROR
URL: http://meetgreeksingles.com/_cron/cron.php
File: /home/slqihj5q4r69/public_html/meetgreeksingles.com/_include/lib/db_mysql.php
Line: 14
Message: Uncaught Error: Undefined constant "MYSQL_BOTH" in /home/slqihj5q4r69/public_html/meetgreeksingles.com/_include/lib/db_mysql.php:14
Stack trace:
#0 /home/slqihj5q4r69/public_html/meetgreeksingles.com/_include/lib/db_common.php(67): [constant expression]()
#1 /home/slqihj5q4r69/public_html/meetgreeksingles.com/_include/core/start.php(366): DB_Common::connect()
#2 /home/slqihj5q4r69/public_html/meetgreeksingles.com/_include/core/main_start.php(11): include_once('/home/slqihj5q4...')
#3 /home/slqihj5q4r69/public_html/meetgreeksingles.com/_cron/cron.php(11): include('/home/slqihj5q4...')
#4 {main}
  thrown

Call stack:

File:  (Line: )
Function: fatalScriptError

---------

2024-12-07 23:00:04
User_id: 0
Error: E_ERROR
URL: http://meetgreeksingles.com/_cron/cron.php
File: /home/slqihj5q4r69/public_html/meetgreeksingles.com/_include/lib/db_mysql.php
Line: 14
Message: Uncaught Error: Undefined constant "MYSQL_BOTH" in /home/slqihj5q4r69/public_html/meetgreeksingles.com/_include/lib/db_mysql.php:14
Stack trace:
#0 /home/slqihj5q4r69/public_html/meetgreeksingles.com/_include/lib/db_common.php(67): [constant expression]()
#1 /home/slqihj5q4r69/public_html/meetgreeksingles.com/_include/core/start.php(366): DB_Common::connect()
#2 /home/slqihj5q4r69/public_html/meetgreeksingles.com/_include/core/main_start.php(11): include_once('/home/slqihj5q4...')
#3 /home/slqihj5q4r69/public_html/meetgreeksingles.com/_cron/cron.php(11): include('/home/slqihj5q4...')
#4 {main}
  thrown

Call stack:

File:  (Line: )
Function: fatalScriptError

---------

2024-12-07 23:05:03
User_id: 0
Error: E_ERROR
URL: http://meetgreeksingles.com/_cron/cron.php
File: /home/slqihj5q4r69/public_html/meetgreeksingles.com/_include/lib/db_mysql.php
Line: 14
Message: Uncaught Error: Undefined constant "MYSQL_BOTH" in /home/slqihj5q4r69/public_html/meetgreeksingles.com/_include/lib/db_mysql.php:14
Stack trace:
#0 /home/slqihj5q4r69/public_html/meetgreeksingles.com/_include/lib/db_common.php(67): [constant expression]()
#1 /home/slqihj5q4r69/public_html/meetgreeksingles.com/_include/core/start.php(366): DB_Common::connect()
#2 /home/slqihj5q4r69/public_html/meetgreeksingles.com/_include/core/main_start.php(11): include_once('/home/slqihj5q4...')
#3 /home/slqihj5q4r69/public_html/meetgreeksingles.com/_cron/cron.php(11): include('/home/slqihj5q4...')
#4 {main}
  thrown

Call stack:

File:  (Line: )
Function: fatalScriptError

---------

2024-12-07 23:10:02
User_id: 0
Error: E_ERROR
URL: http://meetgreeksingles.com/_cron/cron.php
File: /home/slqihj5q4r69/public_html/meetgreeksingles.com/_include/lib/db_mysql.php
Line: 14
Message: Uncaught Error: Undefined constant "MYSQL_BOTH" in /home/slqihj5q4r69/public_html/meetgreeksingles.com/_include/lib/db_mysql.php:14
Stack trace:
#0 /home/slqihj5q4r69/public_html/meetgreeksingles.com/_include/lib/db_common.php(67): [constant expression]()
#1 /home/slqihj5q4r69/public_html/meetgreeksingles.com/_include/core/start.php(366): DB_Common::connect()
#2 /home/slqihj5q4r69/public_html/meetgreeksingles.com/_include/core/main_start.php(11): include_once('/home/slqihj5q4...')
#3 /home/slqihj5q4r69/public_html/meetgreeksingles.com/_cron/cron.php(11): include('/home/slqihj5q4...')
#4 {main}
  thrown

Call stack:

File:  (Line: )
Function: fatalScriptError

---------

2024-12-07 23:15:03
User_id: 0
Error: E_ERROR
URL: http://meetgreeksingles.com/_cron/cron.php
File: /home/slqihj5q4r69/public_html/meetgreeksingles.com/_include/lib/db_mysql.php
Line: 14
Message: Uncaught Error: Undefined constant "MYSQL_BOTH" in /home/slqihj5q4r69/public_html/meetgreeksingles.com/_include/lib/db_mysql.php:14
Stack trace:
#0 /home/slqihj5q4r69/public_html/meetgreeksingles.com/_include/lib/db_common.php(67): [constant expression]()
#1 /home/slqihj5q4r69/public_html/meetgreeksingles.com/_include/core/start.php(366): DB_Common::connect()
#2 /home/slqihj5q4r69/public_html/meetgreeksingles.com/_include/core/main_start.php(11): include_once('/home/slqihj5q4...')
#3 /home/slqihj5q4r69/public_html/meetgreeksingles.com/_cron/cron.php(11): include('/home/slqihj5q4...')
#4 {main}
  thrown

Call stack:

File:  (Line: )
Function: fatalScriptError

---------

2024-12-07 23:20:03
User_id: 0
Error: E_ERROR
URL: http://meetgreeksingles.com/_cron/cron.php
File: /home/slqihj5q4r69/public_html/meetgreeksingles.com/_include/lib/db_mysql.php
Line: 14
Message: Uncaught Error: Undefined constant "MYSQL_BOTH" in /home/slqihj5q4r69/public_html/meetgreeksingles.com/_include/lib/db_mysql.php:14
Stack trace:
#0 /home/slqihj5q4r69/public_html/meetgreeksingles.com/_include/lib/db_common.php(67): [constant expression]()
#1 /home/slqihj5q4r69/public_html/meetgreeksingles.com/_include/core/start.php(366): DB_Common::connect()
#2 /home/slqihj5q4r69/public_html/meetgreeksingles.com/_include/core/main_start.php(11): include_once('/home/slqihj5q4...')
#3 /home/slqihj5q4r69/public_html/meetgreeksingles.com/_cron/cron.php(11): include('/home/slqihj5q4...')
#4 {main}
  thrown

Call stack:

File:  (Line: )
Function: fatalScriptError

---------

2024-12-07 23:25:03
User_id: 0
Error: E_ERROR
URL: http://meetgreeksingles.com/_cron/cron.php
File: /home/slqihj5q4r69/public_html/meetgreeksingles.com/_include/lib/db_mysql.php
Line: 14
Message: Uncaught Error: Undefined constant "MYSQL_BOTH" in /home/slqihj5q4r69/public_html/meetgreeksingles.com/_include/lib/db_mysql.php:14
Stack trace:
#0 /home/slqihj5q4r69/public_html/meetgreeksingles.com/_include/lib/db_common.php(67): [constant expression]()
#1 /home/slqihj5q4r69/public_html/meetgreeksingles.com/_include/core/start.php(366): DB_Common::connect()
#2 /home/slqihj5q4r69/public_html/meetgreeksingles.com/_include/core/main_start.php(11): include_once('/home/slqihj5q4...')
#3 /home/slqihj5q4r69/public_html/meetgreeksingles.com/_cron/cron.php(11): include('/home/slqihj5q4...')
#4 {main}
  thrown

Call stack:

File:  (Line: )
Function: fatalScriptError

---------

2024-12-07 23:30:03
User_id: 0
Error: E_ERROR
URL: http://meetgreeksingles.com/_cron/cron.php
File: /home/slqihj5q4r69/public_html/meetgreeksingles.com/_include/lib/db_mysql.php
Line: 14
Message: Uncaught Error: Undefined constant "MYSQL_BOTH" in /home/slqihj5q4r69/public_html/meetgreeksingles.com/_include/lib/db_mysql.php:14
Stack trace:
#0 /home/slqihj5q4r69/public_html/meetgreeksingles.com/_include/lib/db_common.php(67): [constant expression]()
#1 /home/slqihj5q4r69/public_html/meetgreeksingles.com/_include/core/start.php(366): DB_Common::connect()
#2 /home/slqihj5q4r69/public_html/meetgreeksingles.com/_include/core/main_start.php(11): include_once('/home/slqihj5q4...')
#3 /home/slqihj5q4r69/public_html/meetgreeksingles.com/_cron/cron.php(11): include('/home/slqihj5q4...')
#4 {main}
  thrown

Call stack:

File:  (Line: )
Function: fatalScriptError

---------

2024-12-07 23:35:03
User_id: 0
Error: E_ERROR
URL: http://meetgreeksingles.com/_cron/cron.php
File: /home/slqihj5q4r69/public_html/meetgreeksingles.com/_include/lib/db_mysql.php
Line: 14
Message: Uncaught Error: Undefined constant "MYSQL_BOTH" in /home/slqihj5q4r69/public_html/meetgreeksingles.com/_include/lib/db_mysql.php:14
Stack trace:
#0 /home/slqihj5q4r69/public_html/meetgreeksingles.com/_include/lib/db_common.php(67): [constant expression]()
#1 /home/slqihj5q4r69/public_html/meetgreeksingles.com/_include/core/start.php(366): DB_Common::connect()
#2 /home/slqihj5q4r69/public_html/meetgreeksingles.com/_include/core/main_start.php(11): include_once('/home/slqihj5q4...')
#3 /home/slqihj5q4r69/public_html/meetgreeksingles.com/_cron/cron.php(11): include('/home/slqihj5q4...')
#4 {main}
  thrown

Call stack:

File:  (Line: )
Function: fatalScriptError

---------

2024-12-07 23:40:03
User_id: 0
Error: E_ERROR
URL: http://meetgreeksingles.com/_cron/cron.php
File: /home/slqihj5q4r69/public_html/meetgreeksingles.com/_include/lib/db_mysql.php
Line: 14
Message: Uncaught Error: Undefined constant "MYSQL_BOTH" in /home/slqihj5q4r69/public_html/meetgreeksingles.com/_include/lib/db_mysql.php:14
Stack trace:
#0 /home/slqihj5q4r69/public_html/meetgreeksingles.com/_include/lib/db_common.php(67): [constant expression]()
#1 /home/slqihj5q4r69/public_html/meetgreeksingles.com/_include/core/start.php(366): DB_Common::connect()
#2 /home/slqihj5q4r69/public_html/meetgreeksingles.com/_include/core/main_start.php(11): include_once('/home/slqihj5q4...')
#3 /home/slqihj5q4r69/public_html/meetgreeksingles.com/_cron/cron.php(11): include('/home/slqihj5q4...')
#4 {main}
  thrown

Call stack:

File:  (Line: )
Function: fatalScriptError

---------

2024-12-07 23:42:37
User_id: 0
Error: E_ERROR
URL: https://meetgreeksingles.com/
File: /home/slqihj5q4r69/public_html/meetgreeksingles.com/_include/lib/db_mysql.php
Line: 14
Message: Uncaught Error: Undefined constant "MYSQL_BOTH" in /home/slqihj5q4r69/public_html/meetgreeksingles.com/_include/lib/db_mysql.php:14
Stack trace:
#0 /home/slqihj5q4r69/public_html/meetgreeksingles.com/_include/lib/db_common.php(67): [constant expression]()
#1 /home/slqihj5q4r69/public_html/meetgreeksingles.com/_include/core/start.php(366): DB_Common::connect()
#2 /home/slqihj5q4r69/public_html/meetgreeksingles.com/_include/core/main_start.php(11): include_once('/home/slqihj5q4...')
#3 /home/slqihj5q4r69/public_html/meetgreeksingles.com/index.php(16): include('/home/slqihj5q4...')
#4 {main}
  thrown

Call stack:

File:  (Line: )
Function: fatalScriptError

---------

2024-12-07 23:42:38
User_id: 0
Error: E_ERROR
URL: https://meetgreeksingles.com/favicon.ico
File: /home/slqihj5q4r69/public_html/meetgreeksingles.com/_include/lib/db_mysql.php
Line: 14
Message: Uncaught Error: Undefined constant "MYSQL_BOTH" in /home/slqihj5q4r69/public_html/meetgreeksingles.com/_include/lib/db_mysql.php:14
Stack trace:
#0 /home/slqihj5q4r69/public_html/meetgreeksingles.com/_include/lib/db_common.php(67): [constant expression]()
#1 /home/slqihj5q4r69/public_html/meetgreeksingles.com/_include/core/start.php(366): DB_Common::connect()
#2 /home/slqihj5q4r69/public_html/meetgreeksingles.com/_include/core/main_start.php(11): include_once('/home/slqihj5q4...')
#3 /home/slqihj5q4r69/public_html/meetgreeksingles.com/router.php(9): include('/home/slqihj5q4...')
#4 {main}
  thrown

Call stack:

File:  (Line: )
Function: fatalScriptError

---------

2024-12-07 23:42:39
User_id: 0
Error: E_ERROR
URL: https://meetgreeksingles.com/sw.js
File: /home/slqihj5q4r69/public_html/meetgreeksingles.com/_include/lib/db_mysql.php
Line: 14
Message: Uncaught Error: Undefined constant "MYSQL_BOTH" in /home/slqihj5q4r69/public_html/meetgreeksingles.com/_include/lib/db_mysql.php:14
Stack trace:
#0 /home/slqihj5q4r69/public_html/meetgreeksingles.com/_include/lib/db_common.php(67): [constant expression]()
#1 /home/slqihj5q4r69/public_html/meetgreeksingles.com/_include/core/start.php(366): DB_Common::connect()
#2 /home/slqihj5q4r69/public_html/meetgreeksingles.com/_include/core/main_start.php(11): include_once('/home/slqihj5q4...')
#3 /home/slqihj5q4r69/public_html/meetgreeksingles.com/router.php(9): include('/home/slqihj5q4...')
#4 {main}
  thrown

Call stack:

File:  (Line: )
Function: fatalScriptError

---------

2024-12-07 23:43:10
User_id: 0
Error: E_ERROR
URL: https://meetgreeksingles.com/sw.js
File: /home/slqihj5q4r69/public_html/meetgreeksingles.com/_include/lib/db_mysql.php
Line: 14
Message: Uncaught Error: Undefined constant "MYSQL_BOTH" in /home/slqihj5q4r69/public_html/meetgreeksingles.com/_include/lib/db_mysql.php:14
Stack trace:
#0 /home/slqihj5q4r69/public_html/meetgreeksingles.com/_include/lib/db_common.php(67): [constant expression]()
#1 /home/slqihj5q4r69/public_html/meetgreeksingles.com/_include/core/start.php(366): DB_Common::connect()
#2 /home/slqihj5q4r69/public_html/meetgreeksingles.com/_include/core/main_start.php(11): include_once('/home/slqihj5q4...')
#3 /home/slqihj5q4r69/public_html/meetgreeksingles.com/router.php(9): include('/home/slqihj5q4...')
#4 {main}
  thrown

Call stack:

File:  (Line: )
Function: fatalScriptError

---------

2024-12-07 23:45:03
User_id: 0
Error: E_ERROR
URL: http://meetgreeksingles.com/_cron/cron.php
File: /home/slqihj5q4r69/public_html/meetgreeksingles.com/_include/lib/db_mysql.php
Line: 14
Message: Uncaught Error: Undefined constant "MYSQL_BOTH" in /home/slqihj5q4r69/public_html/meetgreeksingles.com/_include/lib/db_mysql.php:14
Stack trace:
#0 /home/slqihj5q4r69/public_html/meetgreeksingles.com/_include/lib/db_common.php(67): [constant expression]()
#1 /home/slqihj5q4r69/public_html/meetgreeksingles.com/_include/core/start.php(366): DB_Common::connect()
#2 /home/slqihj5q4r69/public_html/meetgreeksingles.com/_include/core/main_start.php(11): include_once('/home/slqihj5q4...')
#3 /home/slqihj5q4r69/public_html/meetgreeksingles.com/_cron/cron.php(11): include('/home/slqihj5q4...')
#4 {main}
  thrown

Call stack:

File:  (Line: )
Function: fatalScriptError

---------

2024-12-07 23:46:33
User_id: 0
Error: E_ERROR
URL: https://meetgreeksingles.com/
File: /home/slqihj5q4r69/public_html/meetgreeksingles.com/_include/lib/db_mysql.php
Line: 14
Message: Uncaught Error: Undefined constant "MYSQL_BOTH" in /home/slqihj5q4r69/public_html/meetgreeksingles.com/_include/lib/db_mysql.php:14
Stack trace:
#0 /home/slqihj5q4r69/public_html/meetgreeksingles.com/_include/lib/db_common.php(67): [constant expression]()
#1 /home/slqihj5q4r69/public_html/meetgreeksingles.com/_include/core/start.php(366): DB_Common::connect()
#2 /home/slqihj5q4r69/public_html/meetgreeksingles.com/_include/core/main_start.php(11): include_once('/home/slqihj5q4...')
#3 /home/slqihj5q4r69/public_html/meetgreeksingles.com/index.php(16): include('/home/slqihj5q4...')
#4 {main}
  thrown

Call stack:

File:  (Line: )
Function: fatalScriptError

---------

2024-12-07 23:46:35
User_id: 0
Error: E_ERROR
URL: https://meetgreeksingles.com/sw.js
File: /home/slqihj5q4r69/public_html/meetgreeksingles.com/_include/lib/db_mysql.php
Line: 14
Message: Uncaught Error: Undefined constant "MYSQL_BOTH" in /home/slqihj5q4r69/public_html/meetgreeksingles.com/_include/lib/db_mysql.php:14
Stack trace:
#0 /home/slqihj5q4r69/public_html/meetgreeksingles.com/_include/lib/db_common.php(67): [constant expression]()
#1 /home/slqihj5q4r69/public_html/meetgreeksingles.com/_include/core/start.php(366): DB_Common::connect()
#2 /home/slqihj5q4r69/public_html/meetgreeksingles.com/_include/core/main_start.php(11): include_once('/home/slqihj5q4...')
#3 /home/slqihj5q4r69/public_html/meetgreeksingles.com/router.php(9): include('/home/slqihj5q4...')
#4 {main}
  thrown

Call stack:

File:  (Line: )
Function: fatalScriptError

---------

2024-12-07 23:46:44
User_id: 0
Error: E_ERROR
URL: https://meetgreeksingles.com/
File: /home/slqihj5q4r69/public_html/meetgreeksingles.com/_include/lib/db_mysql.php
Line: 14
Message: Uncaught Error: Undefined constant "MYSQL_BOTH" in /home/slqihj5q4r69/public_html/meetgreeksingles.com/_include/lib/db_mysql.php:14
Stack trace:
#0 /home/slqihj5q4r69/public_html/meetgreeksingles.com/_include/lib/db_common.php(67): [constant expression]()
#1 /home/slqihj5q4r69/public_html/meetgreeksingles.com/_include/core/start.php(366): DB_Common::connect()
#2 /home/slqihj5q4r69/public_html/meetgreeksingles.com/_include/core/main_start.php(11): include_once('/home/slqihj5q4...')
#3 /home/slqihj5q4r69/public_html/meetgreeksingles.com/index.php(16): include('/home/slqihj5q4...')
#4 {main}
  thrown

Call stack:

File:  (Line: )
Function: fatalScriptError

---------

2024-12-07 23:50:03
User_id: 0
Error: E_ERROR
URL: http://meetgreeksingles.com/_cron/cron.php
File: /home/slqihj5q4r69/public_html/meetgreeksingles.com/_include/lib/db_mysql.php
Line: 14
Message: Uncaught Error: Undefined constant "MYSQL_BOTH" in /home/slqihj5q4r69/public_html/meetgreeksingles.com/_include/lib/db_mysql.php:14
Stack trace:
#0 /home/slqihj5q4r69/public_html/meetgreeksingles.com/_include/lib/db_common.php(67): [constant expression]()
#1 /home/slqihj5q4r69/public_html/meetgreeksingles.com/_include/core/start.php(366): DB_Common::connect()
#2 /home/slqihj5q4r69/public_html/meetgreeksingles.com/_include/core/main_start.php(11): include_once('/home/slqihj5q4...')
#3 /home/slqihj5q4r69/public_html/meetgreeksingles.com/_cron/cron.php(11): include('/home/slqihj5q4...')
#4 {main}
  thrown

Call stack:

File:  (Line: )
Function: fatalScriptError

---------

2024-12-07 23:55:03
User_id: 0
Error: E_ERROR
URL: http://meetgreeksingles.com/_cron/cron.php
File: /home/slqihj5q4r69/public_html/meetgreeksingles.com/_include/lib/db_mysql.php
Line: 14
Message: Uncaught Error: Undefined constant "MYSQL_BOTH" in /home/slqihj5q4r69/public_html/meetgreeksingles.com/_include/lib/db_mysql.php:14
Stack trace:
#0 /home/slqihj5q4r69/public_html/meetgreeksingles.com/_include/lib/db_common.php(67): [constant expression]()
#1 /home/slqihj5q4r69/public_html/meetgreeksingles.com/_include/core/start.php(366): DB_Common::connect()
#2 /home/slqihj5q4r69/public_html/meetgreeksingles.com/_include/core/main_start.php(11): include_once('/home/slqihj5q4...')
#3 /home/slqihj5q4r69/public_html/meetgreeksingles.com/_cron/cron.php(11): include('/home/slqihj5q4...')
#4 {main}
  thrown

Call stack:

File:  (Line: )
Function: fatalScriptError

---------

