2025-05-20 09:45:15
User_id: 1
Error: E_ERROR
URL: https://meetgreeksingles.com/_pay/stripe/before.php?item=7&request_uri=aHR0cHM6Ly9tZWV0Z3JlZWtzaW5nbGVzLmNvbS91cGdyYWRlLnBocD9jbWQ9c2F2ZSZhamF4PTEmc2V0X3RlbXBsYXRlX3J1bnRpbWU9aW1wYWN0JnNpdGVfcGFydF9ydW50aW1lPW1haW4mc2l0ZV9ndWlkPTE=
File: /home/slqihj5q4r69/public_html/meetgreeksingles.com/_pay/stripe/stripe-php-7.57.0/lib/Exception/ApiErrorException.php
Line: 38
Message: Uncaught (Status 400) (Request req_R5OTfvpHPNiurO) Received unknown parameter: line_items[0][product_data]
  thrown

Call stack:

File:  (Line: )
Function: fatalScriptError

---------

2025-05-20 23:04:57
User_id: 1
Error: E_ERROR
URL: https://meetgreeksingles.com/_pay/stripe/before.php?item=8&request_uri=aHR0cHM6Ly9tZWV0Z3JlZWtzaW5nbGVzLmNvbS91cGdyYWRlLnBocD9jbWQ9c2F2ZSZhamF4PTEmc2V0X3RlbXBsYXRlX3J1bnRpbWU9aW1wYWN0JnNpdGVfcGFydF9ydW50aW1lPW1haW4mc2l0ZV9ndWlkPTE=
File: /home/slqihj5q4r69/public_html/meetgreeksingles.com/_pay/stripe/stripe-php-7.57.0/lib/Exception/ApiErrorException.php
Line: 38
Message: Uncaught (Status 400) (Request req_6X8H8RnpqJWs5K) Received unknown parameter: line_items[0][product_data]
  thrown

Call stack:

File:  (Line: )
Function: fatalScriptError

---------

2025-05-20 23:07:39
User_id: 1
Error: E_ERROR
URL: https://meetgreeksingles.com/_pay/stripe/before.php?item=7&request_uri=aHR0cHM6Ly9tZWV0Z3JlZWtzaW5nbGVzLmNvbS91cGdyYWRlLnBocD9jbWQ9c2F2ZSZhamF4PTEmc2V0X3RlbXBsYXRlX3J1bnRpbWU9aW1wYWN0JnNpdGVfcGFydF9ydW50aW1lPW1haW4mc2l0ZV9ndWlkPTE=
File: /home/slqihj5q4r69/public_html/meetgreeksingles.com/_pay/stripe/stripe-php-7.57.0/lib/Exception/ApiErrorException.php
Line: 38
Message: Uncaught (Status 400) (Request req_QPc9GVS1BN0Syh) Received unknown parameter: line_items[0][product_data]
  thrown

Call stack:

File:  (Line: )
Function: fatalScriptError

---------

2025-05-20 23:07:41
User_id: 1
Error: E_ERROR
URL: https://meetgreeksingles.com/_pay/stripe/before.php?item=7&request_uri=aHR0cHM6Ly9tZWV0Z3JlZWtzaW5nbGVzLmNvbS91cGdyYWRlLnBocD9jbWQ9c2F2ZSZhamF4PTEmc2V0X3RlbXBsYXRlX3J1bnRpbWU9aW1wYWN0JnNpdGVfcGFydF9ydW50aW1lPW1haW4mc2l0ZV9ndWlkPTE=
File: /home/slqihj5q4r69/public_html/meetgreeksingles.com/_pay/stripe/stripe-php-7.57.0/lib/Exception/ApiErrorException.php
Line: 38
Message: Uncaught (Status 400) (Request req_Y545MuHAYosKYA) Received unknown parameter: line_items[0][product_data]
  thrown

Call stack:

File:  (Line: )
Function: fatalScriptError

---------

2025-05-20 23:27:05
User_id: 1
Error: E_ERROR
URL: https://meetgreeksingles.com/_pay/stripe/before.php?item=7&request_uri=aHR0cHM6Ly9tZWV0Z3JlZWtzaW5nbGVzLmNvbS91cGdyYWRlLnBocD9jbWQ9c2F2ZSZhamF4PTEmc2V0X3RlbXBsYXRlX3J1bnRpbWU9aW1wYWN0JnNpdGVfcGFydF9ydW50aW1lPW1haW4mc2l0ZV9ndWlkPTE=
File: /home/slqihj5q4r69/public_html/meetgreeksingles.com/_pay/stripe/stripe-php-7.57.0/lib/Exception/ApiErrorException.php
Line: 38
Message: Uncaught (Status 400) (Request req_K5BkG9rc4j2cJZ) Received unknown parameter: line_items[0][product_data]
  thrown

Call stack:

File:  (Line: )
Function: fatalScriptError

---------

